SF:lib/data/credential/dtos/fetch_claim_response_dto.g.dart
DA:9,1
DA:11,0
DA:12,2
DA:14,1
DA:16,2
LF:5
LH:4
end_of_record
SF:lib/data/credential/dtos/fetch_claim_response_dto.dart
DA:7,1
DA:27,0
DA:29,1
DA:30,1
DA:35,2
DA:37,1
DA:39,2
DA:42,0
DA:44,0
LF:9
LH:6
end_of_record
SF:lib/data/credential/dtos/credential_dto.dart
DA:21,0
DA:32,1
DA:33,1
DA:35,0
DA:44,1
DA:49,1
DA:51,1
DA:52,1
DA:53,1
DA:54,1
DA:55,1
DA:56,1
DA:58,1
DA:61,0
DA:62,0
DA:63,0
DA:64,0
DA:65,0
DA:68,0
DA:79,1
DA:81,1
DA:82,1
DA:84,0
DA:93,1
DA:95,1
DA:96,1
DA:98,0
LF:27
LH:17
end_of_record
SF:lib/data/credential/dtos/credential_dto.g.dart
DA:9,1
DA:10,0
DA:11,1
DA:12,1
DA:13,1
DA:14,1
DA:15,1
DA:16,1
DA:17,1
DA:18,1
DA:19,1
DA:20,1
DA:21,1
DA:22,1
DA:23,3
DA:24,1
DA:27,0
DA:28,0
DA:29,0
DA:30,0
DA:31,0
DA:32,0
DA:33,0
DA:34,0
DA:35,0
DA:36,0
DA:37,0
DA:40,1
DA:41,1
DA:42,1
DA:43,1
DA:46,0
DA:48,0
DA:49,0
DA:50,0
DA:53,1
DA:54,1
DA:55,1
DA:56,1
DA:59,0
DA:61,0
DA:62,0
DA:63,0
LF:43
LH:23
end_of_record
SF:lib/data/credential/dtos/claim_dto.dart
DA:14,0
DA:16,0
DA:18,0
DA:20,0
DA:26,0
DA:27,0
DA:29,0
LF:7
LH:0
end_of_record
SF:lib/data/credential/dtos/claim_dto.g.dart
DA:9,0
DA:10,0
DA:11,0
DA:12,0
DA:14,0
DA:17,0
DA:18,0
DA:19,0
DA:20,0
DA:21,0
LF:10
LH:0
end_of_record
SF:lib/data/credential/dtos/credential_proof_dto.g.dart
DA:9,1
DA:10,1
DA:11,1
DA:12,2
DA:13,1
DA:16,0
DA:17,0
DA:18,0
DA:19,0
DA:20,0
DA:23,1
DA:25,1
DA:26,1
DA:27,3
DA:30,0
DA:32,0
DA:33,0
DA:34,0
DA:37,1
DA:39,1
DA:40,1
DA:41,1
DA:44,0
DA:46,0
DA:47,0
DA:48,0
DA:51,1
DA:52,1
DA:53,1
DA:54,2
DA:55,4
DA:56,2
DA:57,1
DA:60,0
DA:62,0
DA:63,0
DA:64,0
DA:65,0
DA:66,0
DA:67,0
LF:40
LH:20
end_of_record
SF:lib/data/credential/dtos/credential_proof_dto.dart
DA:13,1
DA:15,1
DA:16,1
DA:18,0
DA:26,1
DA:28,1
DA:29,1
DA:31,0
DA:40,1
DA:42,1
DA:43,1
DA:45,0
DA:58,1
DA:61,1
DA:62,1
DA:64,0
LF:16
LH:12
end_of_record
