SF:lib/proof/data/data_sources/witness_data_source.dart
DA:14,0
DA:15,0
DA:17,0
DA:18,0
DA:20,0
DA:21,0
DA:23,0
DA:24,0
DA:26,0
DA:27,0
DA:31,0
DA:32,0
DA:34,0
DA:39,0
DA:40,0
DA:42,0
DA:47,0
DA:48,0
DA:50,0
DA:55,0
DA:57,0
DA:59,0
DA:64,0
DA:66,0
DA:68,0
DA:75,1
DA:77,1
DA:80,1
DA:81,2
DA:82,1
DA:83,2
DA:84,1
DA:85,2
DA:86,0
DA:87,0
DA:88,0
DA:89,0
DA:91,0
LF:38
LH:8
end_of_record
SF:lib/proof/data/dtos/witness_param.dart
DA:7,1
LF:1
LH:1
end_of_record
SF:lib/proof/data/mappers/circuit_type_mapper.dart
DA:6,0
DA:9,0
DA:12,0
DA:15,0
DA:18,0
DA:21,0
LF:6
LH:0
end_of_record
SF:lib/proof/libs/witnesscalc/mtp_v2/witness_mtp.dart
DA:13,0
DA:14,0
DA:15,0
DA:17,0
DA:20,0
DA:22,0
DA:24,0
DA:27,0
DA:28,0
DA:31,0
DA:34,0
DA:35,0
DA:39,0
DA:45,0
DA:54,0
DA:55,0
DA:56,0
DA:57,0
DA:60,0
DA:61,0
DA:62,0
DA:64,0
DA:66,0
DA:68,0
DA:69,0
LF:25
LH:0
end_of_record
SF:lib/proof/libs/witnesscalc/sig_v2/witness_sig.dart
DA:14,0
DA:15,0
DA:16,0
DA:18,0
DA:21,0
DA:23,0
DA:25,0
DA:28,0
DA:29,0
DA:32,0
DA:35,0
DA:36,0
DA:40,0
DA:46,0
DA:55,0
DA:56,0
DA:57,0
DA:58,0
DA:61,0
DA:62,0
DA:63,0
DA:65,0
DA:67,0
DA:69,0
DA:70,0
LF:25
LH:0
end_of_record
SF:lib/proof/libs/witnesscalc/auth_v2/witness_auth.dart
DA:14,0
DA:15,0
DA:16,0
DA:17,0
DA:18,0
DA:21,0
DA:23,0
DA:25,0
DA:28,0
DA:29,0
DA:32,0
DA:35,0
DA:36,0
DA:40,0
DA:46,0
DA:55,0
DA:56,0
DA:57,0
DA:58,0
DA:61,0
DA:62,0
DA:63,0
DA:65,0
DA:67,0
DA:69,0
DA:70,0
LF:26
LH:0
end_of_record
SF:lib/proof/libs/witnesscalc/mtp_v2_onchain/witness_mtp_onchain.dart
DA:14,0
DA:15,0
DA:16,0
DA:18,0
DA:21,0
DA:23,0
DA:25,0
DA:28,0
DA:29,0
DA:32,0
DA:35,0
DA:36,0
DA:40,0
DA:46,0
DA:47,0
DA:56,0
DA:57,0
DA:58,0
DA:59,0
DA:62,0
DA:63,0
DA:64,0
DA:66,0
DA:68,0
DA:70,0
DA:71,0
LF:26
LH:0
end_of_record
SF:lib/proof/libs/witnesscalc/sig_v2_onchain/witness_sig_onchain.dart
DA:14,0
DA:15,0
DA:16,0
DA:18,0
DA:21,0
DA:23,0
DA:25,0
DA:28,0
DA:29,0
DA:32,0
DA:35,0
DA:36,0
DA:40,0
DA:46,0
DA:47,0
DA:56,0
DA:57,0
DA:58,0
DA:59,0
DA:62,0
DA:63,0
DA:64,0
DA:66,0
DA:68,0
DA:70,0
DA:71,0
LF:26
LH:0
end_of_record
SF:lib/proof/libs/witnesscalc/auth_v2/native_witness_auth_v2.dart
DA:13,0
DA:14,0
DA:17,0
DA:31,0
DA:41,0
LF:5
LH:0
end_of_record
SF:lib/proof/libs/witnesscalc/mtp_v2/native_witness_mtp_v2.dart
DA:13,0
DA:14,0
DA:17,0
DA:31,0
DA:41,0
LF:5
LH:0
end_of_record
SF:lib/proof/libs/witnesscalc/mtp_v2_onchain/native_witness_mtp_v2_onchain.dart
DA:13,0
DA:14,0
DA:17,0
DA:31,0
DA:41,0
LF:5
LH:0
end_of_record
SF:lib/proof/libs/witnesscalc/sig_v2/native_witness_sig_v2.dart
DA:13,0
DA:14,0
DA:17,0
DA:31,0
DA:41,0
LF:5
LH:0
end_of_record
SF:lib/proof/libs/witnesscalc/sig_v2_onchain/native_witness_sig_v2_onchain.dart
DA:13,0
DA:14,0
DA:17,0
DA:31,0
DA:41,0
LF:5
LH:0
end_of_record
SF:lib/common/domain/entities/filter_entity.dart
DA:18,6
LF:1
LH:1
end_of_record
SF:lib/identity/data/dtos/identity_dto.dart
DA:13,3
DA:16,1
DA:17,1
DA:19,2
DA:21,2
DA:22,8
LF:6
LH:6
end_of_record
SF:lib/identity/data/dtos/identity_dto.g.dart
DA:9,2
DA:10,1
DA:12,4
DA:13,2
DA:14,3
DA:18,1
DA:19,1
DA:20,1
DA:21,1
DA:22,5
LF:10
LH:10
end_of_record
SF:lib/identity/domain/entities/did_entity.dart
DA:7,3
DA:14,0
DA:16,0
DA:18,0
DA:21,0
DA:22,0
DA:23,0
DA:24,0
DA:25,0
DA:26,0
DA:28,0
DA:29,0
LF:12
LH:1
end_of_record
SF:lib/identity/domain/entities/hash_entity.dart
DA:4,4
DA:6,0
DA:7,0
DA:9,1
DA:12,0
DA:13,0
DA:14,0
DA:16,0
DA:17,0
LF:9
LH:2
end_of_record
SF:lib/identity/domain/entities/identity_entity.dart
DA:9,11
DA:15,1
DA:17,4
DA:19,6
DA:22,2
DA:23,6
DA:24,6
DA:25,6
DA:26,6
DA:28,0
DA:29,0
LF:11
LH:9
end_of_record
SF:lib/identity/domain/entities/node_entity.dart
DA:15,1
DA:18,0
DA:20,0
DA:22,0
DA:25,0
DA:26,0
DA:27,0
DA:28,0
DA:29,0
DA:31,0
DA:32,0
LF:11
LH:1
end_of_record
SF:lib/identity/domain/entities/private_identity_entity.dart
DA:7,8
DA:12,8
DA:14,1
DA:16,3
DA:18,4
DA:20,4
DA:21,4
DA:22,12
DA:24,0
DA:25,0
LF:10
LH:8
end_of_record
SF:lib/identity/domain/entities/tree_state_entity.dart
DA:9,3
DA:12,0
DA:14,0
DA:16,2
DA:19,1
DA:20,3
DA:21,3
DA:22,3
DA:23,3
DA:25,0
DA:26,0
LF:11
LH:7
end_of_record
SF:lib/iden3comm/domain/entities/jwz_sd_proof_entity.dart
DA:89,1
DA:95,2
DA:97,1
DA:98,1
DA:99,1
DA:100,2
DA:101,1
DA:104,0
DA:105,0
DA:106,0
DA:107,0
DA:110,0
DA:112,0
DA:114,0
DA:117,0
DA:118,0
DA:119,0
DA:120,0
DA:121,0
DA:123,0
DA:124,0
DA:130,1
DA:136,1
DA:143,0
DA:144,0
DA:145,0
DA:146,0
DA:148,0
DA:149,0
DA:150,0
DA:156,0
DA:157,0
DA:158,0
DA:159,0
DA:160,0
DA:161,0
LF:36
LH:9
end_of_record
SF:lib/proof/domain/entities/circuit_data_entity.dart
DA:8,3
LF:1
LH:1
end_of_record
SF:lib/proof/domain/entities/gist_proof_entity.dart
DA:7,1
DA:9,0
DA:10,0
DA:12,1
DA:15,0
DA:16,0
DA:17,0
DA:18,0
DA:20,0
DA:21,0
LF:10
LH:2
end_of_record
SF:lib/proof/domain/entities/jwz/jwz.dart
DA:10,2
DA:12,0
DA:13,0
DA:15,1
DA:18,1
DA:19,3
DA:20,3
DA:22,0
DA:23,0
DA:33,2
DA:36,0
DA:37,0
DA:39,0
DA:40,0
DA:41,0
DA:42,0
DA:45,0
DA:47,0
DA:49,1
DA:52,1
DA:53,3
DA:54,3
DA:55,3
DA:56,3
DA:58,0
DA:59,0
LF:26
LH:12
end_of_record
SF:lib/proof/domain/entities/jwz/jwz_header.dart
DA:23,2
DA:29,0
DA:30,0
DA:32,4
DA:33,2
DA:34,2
DA:35,8
DA:36,2
DA:39,2
DA:40,1
DA:41,1
DA:42,1
DA:43,1
DA:46,0
DA:48,0
DA:50,1
DA:53,1
DA:54,3
DA:55,3
DA:56,3
DA:57,3
DA:58,3
DA:60,0
DA:61,0
LF:24
LH:18
end_of_record
SF:lib/proof/domain/entities/jwz/jwz_proof.dart
DA:43,5
DA:50,10
DA:51,20
DA:52,5
DA:53,25
DA:54,5
DA:55,20
DA:56,5
DA:57,5
DA:60,2
DA:61,1
DA:62,1
DA:63,1
DA:64,1
DA:65,1
DA:68,1
DA:70,6
DA:72,0
DA:75,0
DA:76,0
DA:77,0
DA:78,0
DA:79,0
DA:80,0
DA:81,0
DA:83,0
DA:84,0
DA:129,5
DA:131,0
DA:132,0
DA:134,10
DA:135,10
DA:136,5
DA:137,10
DA:138,5
DA:141,2
DA:142,2
DA:143,1
DA:146,1
DA:147,3
DA:149,4
DA:152,0
DA:153,0
DA:154,0
DA:155,0
DA:157,0
DA:158,0
LF:47
LH:29
end_of_record
SF:lib/proof/domain/entities/proof_entity.dart
DA:9,1
DA:11,0
DA:13,0
DA:15,1
DA:18,0
DA:19,0
DA:20,0
DA:21,0
DA:22,0
DA:24,0
DA:25,0
LF:11
LH:2
end_of_record
SF:lib/proof/data/data_sources/prover_lib_data_source.dart
DA:8,0
DA:10,0
DA:15,0
DA:16,0
DA:17,0
DA:23,1
DA:26,1
DA:28,2
LF:8
LH:3
end_of_record
SF:lib/common/utils/base_64.dart
DA:5,0
DA:6,0
DA:11,1
DA:12,4
DA:16,0
DA:17,0
DA:21,0
DA:22,0
LF:8
LH:2
end_of_record
SF:lib/iden3comm/domain/entities/jwz_proof_entity.dart
DA:73,1
DA:78,1
DA:84,0
DA:85,0
DA:86,0
DA:88,0
DA:89,0
DA:90,0
DA:95,0
DA:96,0
DA:97,0
DA:98,0
DA:99,0
LF:13
LH:2
end_of_record
SF:lib/proof/data/dtos/prove_param.dart
DA:8,0
LF:1
LH:0
end_of_record
SF:lib/proof/libs/prover/prover.dart
DA:15,0
DA:16,0
DA:17,0
DA:18,0
DA:21,0
DA:23,0
DA:25,0
DA:27,0
DA:30,0
DA:31,0
DA:34,0
DA:36,0
DA:37,0
DA:38,0
DA:50,0
DA:52,0
DA:53,0
DA:55,0
DA:64,0
DA:66,0
DA:68,0
DA:69,0
DA:70,0
DA:72,0
DA:73,0
DA:76,0
DA:77,0
DA:78,0
DA:80,0
DA:81,0
DA:82,0
DA:83,0
DA:84,0
DA:86,0
DA:87,0
DA:88,0
DA:90,0
DA:92,0
DA:94,0
DA:95,0
LF:40
LH:0
end_of_record
SF:lib/proof/domain/entities/node_aux_entity.dart
DA:5,0
DA:7,0
DA:8,0
DA:10,0
DA:13,0
DA:14,0
DA:15,0
DA:16,0
DA:18,0
DA:19,0
LF:10
LH:0
end_of_record
SF:lib/proof/libs/prover/native_prover.dart
DA:13,0
DA:14,0
DA:17,0
DA:25,0
DA:37,0
LF:5
LH:0
end_of_record
SF:lib/proof/data/mappers/jwz_mapper.dart
DA:9,1
DA:11,1
DA:12,1
DA:15,1
DA:16,1
DA:19,3
DA:20,4
DA:21,1
DA:22,4
DA:25,1
LF:10
LH:10
end_of_record
SF:lib/proof/domain/use_cases/get_jwz_use_case.dart
DA:13,2
DA:19,1
DA:21,1
DA:23,2
DA:24,1
DA:29,2
DA:30,1
DA:31,4
DA:32,2
DA:33,3
DA:36,2
DA:37,3
LF:12
LH:12
end_of_record
SF:lib/credential/domain/entities/claim_entity.dart
DA:14,7
DA:25,3
DA:26,6
DA:27,9
DA:28,15
DA:30,6
DA:33,2
DA:34,6
DA:35,6
DA:36,6
DA:37,6
DA:38,6
DA:39,6
DA:40,6
DA:41,6
DA:42,6
DA:43,10
DA:45,0
DA:46,0
LF:19
LH:17
end_of_record
SF:lib/iden3comm/domain/entities/request/auth/proof_scope_request.dart
DA:85,12
DA:96,10
DA:98,20
DA:99,10
DA:100,10
DA:101,10
DA:102,10
DA:107,2
DA:108,1
DA:109,1
DA:110,1
DA:111,2
DA:112,1
DA:113,1
DA:115,0
DA:117,0
DA:119,3
DA:122,2
DA:123,6
DA:124,6
DA:125,6
DA:126,6
DA:127,6
DA:129,0
DA:130,0
LF:25
LH:21
end_of_record
SF:lib/proof/domain/entities/download_info_entity.dart
DA:6,0
LF:1
LH:0
end_of_record
SF:lib/common/domain/domain_logger.dart
DA:17,1
DA:20,15
DA:23,16
DA:26,0
DA:29,0
DA:32,0
DA:40,36
LF:7
LH:4
end_of_record
SF:lib/iden3comm/domain/entities/iden3_message_entity.dart
DA:13,14
DA:21,0
DA:23,0
DA:25,2
DA:26,2
DA:27,2
DA:28,2
DA:29,2
DA:30,2
DA:31,4
DA:32,2
DA:35,6
DA:38,1
DA:39,3
DA:40,3
DA:41,3
DA:42,3
DA:43,3
DA:44,3
DA:45,3
DA:46,3
DA:48,0
DA:49,0
LF:23
LH:19
end_of_record
SF:lib/iden3comm/domain/entities/proof_request_entity.dart
DA:9,4
DA:11,0
DA:13,0
DA:15,2
DA:18,1
DA:19,3
DA:20,3
DA:21,3
DA:23,0
DA:24,0
DA:32,5
DA:34,0
DA:36,0
DA:38,2
DA:41,1
DA:42,3
DA:43,3
DA:44,3
DA:45,3
DA:47,0
DA:48,0
LF:21
LH:13
end_of_record
SF:lib/iden3comm/domain/entities/request/auth/auth_body_credentials_request.dart
DA:71,9
DA:77,9
DA:78,9
DA:79,9
DA:80,9
DA:84,2
DA:85,1
DA:86,1
DA:89,0
DA:91,0
DA:93,1
DA:96,1
DA:97,3
DA:98,3
DA:99,3
DA:101,0
DA:102,0
LF:17
LH:13
end_of_record
SF:lib/iden3comm/domain/entities/request/auth/auth_body_request.dart
DA:80,10
DA:92,10
DA:93,10
DA:94,26
DA:95,10
DA:97,10
DA:98,24
DA:99,8
DA:100,10
DA:101,10
DA:102,10
DA:103,10
DA:105,10
DA:110,0
DA:112,0
DA:114,1
DA:117,1
DA:118,3
DA:119,3
DA:120,3
DA:121,3
DA:122,3
DA:123,3
DA:124,3
DA:126,0
DA:127,0
LF:26
LH:22
end_of_record
SF:lib/iden3comm/domain/entities/request/auth/auth_iden3_message_entity.dart
DA:75,9
DA:82,9
DA:94,9
DA:95,18
DA:97,9
DA:98,9
DA:99,9
DA:100,9
DA:101,9
DA:102,9
DA:107,0
DA:108,0
DA:110,5
DA:112,10
DA:114,0
DA:115,0
LF:16
LH:12
end_of_record
SF:lib/iden3comm/domain/entities/request/auth/proof_scope_query_request.dart
DA:114,12
DA:128,10
DA:132,10
DA:133,20
DA:134,10
DA:135,10
DA:136,10
DA:137,10
DA:138,10
DA:146,2
DA:147,1
DA:148,1
DA:149,1
DA:150,1
DA:151,1
DA:152,1
DA:154,1
DA:155,1
DA:157,0
DA:159,0
DA:161,2
DA:164,2
DA:165,6
DA:166,6
DA:167,6
DA:168,6
DA:169,6
DA:170,6
DA:172,6
DA:174,0
DA:175,0
LF:31
LH:27
end_of_record
SF:lib/iden3comm/domain/entities/request/offer/offer_body_request.dart
DA:73,5
DA:79,5
DA:80,5
DA:81,15
DA:82,5
DA:83,5
DA:84,5
DA:89,2
DA:90,1
DA:91,5
DA:94,0
DA:96,0
DA:98,1
DA:101,1
DA:102,3
DA:103,3
DA:104,3
DA:106,0
DA:107,0
DA:114,5
DA:120,5
DA:121,5
DA:122,5
DA:123,5
DA:127,2
DA:128,1
DA:129,1
DA:132,0
DA:134,0
DA:136,1
DA:139,1
DA:140,3
DA:141,3
DA:142,3
DA:144,0
DA:145,0
LF:36
LH:28
end_of_record
SF:lib/iden3comm/domain/entities/request/offer/offer_iden3_message_entity.dart
DA:75,4
DA:82,4
DA:94,4
DA:95,8
DA:96,4
DA:97,4
DA:98,4
DA:99,4
DA:100,4
DA:101,4
DA:106,0
DA:107,0
DA:109,2
DA:111,4
DA:113,0
DA:114,0
LF:16
LH:12
end_of_record
SF:lib/proof/domain/use_cases/prove_use_case.dart
DA:15,2
DA:21,1
DA:23,1
DA:26,2
DA:27,2
DA:30,5
DA:31,3
DA:34,1
DA:35,0
LF:9
LH:8
end_of_record
SF:lib/common/utils/uint8_list_utils.dart
DA:8,0
DA:9,0
DA:10,0
DA:11,0
DA:12,0
DA:15,0
DA:16,0
DA:17,0
DA:18,0
DA:19,0
DA:22,0
DA:23,0
DA:24,0
DA:27,0
DA:28,0
DA:31,0
DA:32,0
DA:33,0
DA:34,0
DA:35,0
DA:40,0
DA:41,0
DA:42,0
DA:43,0
DA:44,0
DA:49,0
DA:51,0
DA:52,0
DA:53,0
DA:54,0
DA:55,0
DA:56,0
DA:57,0
DA:59,0
DA:60,0
DA:65,0
DA:69,0
DA:70,0
DA:71,0
DA:72,0
DA:73,0
DA:74,0
DA:76,0
DA:77,0
DA:82,0
DA:83,0
DA:84,0
DA:86,0
DA:87,0
DA:89,0
DA:91,0
DA:92,0
DA:93,0
DA:97,0
DA:101,0
DA:103,0
DA:104,0
DA:105,0
DA:106,0
DA:107,0
DA:108,0
DA:113,0
DA:115,0
DA:116,0
LF:64
LH:0
end_of_record
SF:lib/iden3comm/domain/entities/request/fetch/fetch_iden3_message_entity.dart
DA:76,5
DA:84,5
DA:96,5
DA:97,10
DA:99,5
DA:100,5
DA:101,5
DA:102,5
DA:103,5
DA:104,5
DA:105,5
DA:110,2
DA:112,2
DA:113,6
DA:118,0
DA:120,0
DA:122,1
DA:124,5
DA:126,0
DA:127,0
LF:20
LH:16
end_of_record
SF:lib/iden3comm/domain/entities/request/onchain/contract_iden3_message_entity.dart
DA:48,4
DA:54,4
DA:66,4
DA:68,8
DA:69,4
DA:70,4
DA:71,4
DA:72,4
DA:73,4
DA:78,0
DA:79,0
DA:81,1
DA:83,2
DA:85,0
DA:86,0
LF:15
LH:11
end_of_record
SF:lib/constants.dart
DA:181,0
DA:182,0
DA:183,0
DA:184,0
LF:4
LH:0
end_of_record
SF:lib/credential/data/credential_repository_impl.dart
DA:29,1
DA:38,1
DA:43,1
DA:44,1
DA:45,5
DA:48,3
DA:51,1
DA:56,1
DA:57,1
DA:58,2
DA:61,2
DA:62,5
DA:63,3
DA:66,1
DA:71,1
DA:72,1
DA:73,2
DA:76,3
DA:77,1
DA:78,3
DA:81,1
DA:86,1
DA:87,1
DA:88,3
DA:91,0
DA:94,0
DA:95,0
DA:96,0
DA:99,0
DA:100,0
DA:102,0
DA:103,0
DA:104,0
DA:105,0
DA:106,0
DA:108,0
DA:112,0
DA:113,0
DA:116,0
DA:119,0
DA:120,0
DA:123,0
DA:125,0
DA:126,0
DA:130,0
DA:134,0
DA:135,0
DA:138,0
DA:140,0
DA:141,0
DA:142,0
DA:143,0
DA:145,0
DA:149,0
DA:153,0
DA:154,0
DA:157,0
DA:158,0
DA:159,0
DA:160,0
DA:161,0
DA:163,0
DA:167,0
DA:169,0
LF:64
LH:24
end_of_record
SF:lib/credential/data/data_sources/local_claim_data_source.dart
DA:9,0
DA:11,0
DA:14,0
DA:19,0
DA:20,0
LF:5
LH:0
end_of_record
SF:lib/credential/data/data_sources/remote_claim_data_source.dart
DA:15,0
DA:17,0
DA:19,0
DA:20,0
DA:24,0
DA:25,0
DA:27,0
DA:29,0
LF:8
LH:0
end_of_record
SF:lib/credential/data/data_sources/storage_claim_data_source.dart
DA:18,0
DA:20,0
DA:23,0
DA:26,0
DA:27,0
DA:30,0
DA:33,0
DA:34,0
DA:35,0
DA:38,0
DA:39,0
DA:42,0
DA:43,0
DA:50,1
DA:52,1
DA:54,2
DA:60,0
DA:65,0
DA:67,0
DA:68,0
DA:69,0
DA:73,1
DA:76,2
DA:77,4
DA:83,0
DA:87,0
DA:89,0
DA:91,0
DA:95,1
DA:98,2
DA:100,2
DA:106,0
DA:108,0
DA:110,0
DA:111,0
DA:112,0
DA:116,0
DA:118,0
DA:121,1
DA:123,3
DA:124,1
DA:125,2
DA:126,2
DA:127,4
DA:128,1
DA:129,3
LF:46
LH:17
end_of_record
SF:lib/credential/data/dtos/claim_dto.dart
DA:21,5
DA:32,1
DA:33,1
DA:35,2
DA:37,2
DA:38,10
LF:6
LH:6
end_of_record
SF:lib/credential/data/dtos/claim_dto.g.dart
DA:9,2
DA:10,1
DA:11,1
DA:12,1
DA:13,1
DA:14,1
DA:15,1
DA:16,2
DA:17,1
DA:18,1
DA:21,2
DA:22,1
DA:23,1
DA:24,1
DA:25,1
DA:26,2
DA:27,1
DA:28,1
DA:29,1
DA:30,1
LF:20
LH:20
end_of_record
SF:lib/iden3comm/data/dtos/response/fetch/fetch_claim_response_dto.dart
DA:31,5
DA:33,5
DA:34,5
DA:39,136
DA:41,5
DA:43,10
DA:46,0
DA:48,0
LF:8
LH:6
end_of_record
SF:lib/iden3comm/data/dtos/response/fetch/fetch_claim_response_dto.g.dart
DA:9,5
DA:11,5
DA:12,10
DA:14,5
DA:16,10
LF:5
LH:5
end_of_record
SF:lib/credential/data/mappers/claim_mapper.dart
DA:12,1
DA:14,1
DA:16,1
DA:17,1
DA:18,1
DA:19,1
DA:20,3
DA:21,1
DA:22,1
DA:23,1
DA:24,1
DA:25,3
DA:28,1
DA:30,1
DA:31,1
DA:32,1
DA:33,1
DA:34,3
DA:35,1
DA:36,1
DA:37,1
DA:38,1
DA:39,3
LF:23
LH:23
end_of_record
SF:lib/credential/data/mappers/filters_mapper.dart
DA:10,1
DA:12,1
DA:14,6
LF:3
LH:3
end_of_record
SF:lib/credential/data/mappers/id_filter_mapper.dart
DA:5,1
DA:7,1
LF:2
LH:2
end_of_record
SF:lib/credential/data/mappers/revocation_status_mapper.dart
DA:6,0
DA:8,0
DA:11,0
DA:13,0
LF:4
LH:0
end_of_record
SF:lib/credential/domain/exceptions/credential_exceptions.dart
DA:8,1
DA:14,0
DA:18,2
DA:22,2
DA:26,2
DA:30,0
DA:36,0
LF:7
LH:4
end_of_record
SF:lib/identity/data/data_sources/db_destination_path_data_source.dart
DA:9,0
DA:10,0
DA:11,0
DA:12,0
DA:19,0
DA:22,0
DA:23,0
DA:24,0
DA:26,0
DA:32,0
DA:33,0
LF:11
LH:0
end_of_record
SF:lib/identity/data/data_sources/encryption_db_data_source.dart
DA:10,1
DA:14,2
DA:19,2
DA:21,1
DA:27,1
DA:31,1
DA:33,2
DA:38,2
DA:40,1
LF:9
LH:9
end_of_record
SF:lib/identity/data/data_sources/remote_identity_data_source.dart
DA:20,0
DA:25,0
DA:26,0
DA:27,0
DA:29,0
DA:30,0
DA:31,0
DA:32,0
DA:33,0
DA:34,0
DA:35,0
DA:36,0
DA:37,0
DA:38,0
DA:39,0
DA:40,0
DA:41,0
DA:42,0
DA:43,0
DA:46,0
DA:49,0
DA:50,0
DA:54,0
DA:60,0
DA:61,0
DA:66,0
DA:67,0
DA:68,0
DA:69,0
DA:70,0
DA:71,0
DA:72,0
DA:78,0
DA:81,0
DA:83,0
DA:84,0
DA:86,0
DA:89,0
DA:90,0
DA:92,0
DA:93,0
DA:94,0
DA:95,0
DA:96,0
DA:97,0
DA:99,0
DA:100,0
DA:101,0
DA:102,0
DA:104,0
DA:105,0
DA:106,0
DA:107,0
DA:109,0
DA:112,0
DA:113,0
DA:114,0
DA:115,0
DA:116,0
DA:117,0
DA:118,0
DA:120,0
DA:123,0
DA:126,0
DA:128,0
DA:134,0
DA:135,0
DA:138,0
DA:140,0
DA:143,0
DA:146,0
DA:151,0
DA:153,0
LF:73
LH:0
end_of_record
SF:lib/identity/data/mappers/encryption_key_mapper.dart
DA:5,0
DA:7,0
LF:2
LH:0
end_of_record
SF:lib/sdk/di/injector.dart
DA:38,6
DA:40,0
DA:43,0
DA:47,0
DA:48,0
DA:50,0
DA:51,0
DA:56,0
DA:57,0
DA:59,0
DA:60,0
DA:67,0
DA:69,0
DA:70,0
DA:71,0
DA:72,0
DA:73,0
DA:74,0
DA:80,0
DA:82,0
DA:83,0
DA:84,0
DA:85,0
DA:91,0
DA:93,0
DA:95,0
DA:98,0
DA:99,0
DA:100,0
DA:102,0
DA:103,0
DA:108,0
DA:110,0
DA:112,0
DA:113,0
DA:114,0
DA:115,0
DA:116,0
DA:117,0
DA:118,0
DA:128,0
DA:129,0
DA:132,0
DA:134,0
DA:140,0
DA:144,0
DA:149,0
DA:154,0
DA:159,0
DA:163,0
DA:168,0
DA:173,0
DA:179,0
DA:182,0
DA:188,0
DA:191,0
LF:56
LH:1
end_of_record
SF:lib/assets/state.g.dart
DA:6,0
DA:12,0
DA:16,0
DA:17,0
DA:18,0
DA:28,0
DA:29,0
DA:30,0
DA:31,0
DA:32,0
DA:37,0
DA:43,0
DA:47,0
DA:48,0
DA:49,0
DA:50,0
DA:55,0
DA:61,0
DA:66,0
DA:67,0
DA:68,0
DA:72,0
DA:77,0
DA:83,0
DA:88,0
DA:89,0
DA:90,0
DA:94,0
DA:99,0
DA:105,0
DA:110,0
DA:111,0
DA:112,0
DA:116,0
DA:121,0
DA:127,0
DA:128,0
DA:129,0
DA:130,0
DA:131,0
DA:136,0
DA:142,0
DA:147,0
DA:148,0
DA:149,0
DA:153,0
DA:158,0
DA:164,0
DA:165,0
DA:166,0
DA:167,0
DA:168,0
DA:173,0
DA:179,0
DA:183,0
DA:184,0
DA:185,0
DA:186,0
DA:191,0
DA:197,0
DA:201,0
DA:202,0
DA:203,0
DA:204,0
DA:209,0
DA:215,0
DA:219,0
DA:220,0
DA:221,0
DA:222,0
DA:227,0
DA:233,0
DA:237,0
DA:238,0
DA:239,0
DA:240,0
DA:245,0
DA:251,0
DA:255,0
DA:256,0
DA:257,0
DA:258,0
DA:263,0
DA:269,0
DA:275,0
DA:276,0
DA:277,0
DA:282,0
DA:287,0
DA:293,0
DA:297,0
DA:298,0
DA:299,0
DA:300,0
DA:305,0
DA:311,0
DA:312,0
DA:313,0
DA:314,0
DA:315,0
DA:320,0
DA:326,0
DA:330,0
DA:331,0
DA:332,0
DA:333,0
DA:338,0
DA:344,0
DA:349,0
DA:350,0
DA:351,0
DA:352,0
DA:363,0
DA:364,0
DA:365,0
DA:366,0
DA:367,0
DA:372,0
DA:378,0
DA:382,0
DA:383,0
DA:384,0
DA:385,0
DA:396,0
DA:401,0
DA:402,0
DA:403,0
DA:404,0
DA:415,0
DA:419,0
DA:420,0
DA:421,0
DA:422,0
DA:427,0
DA:433,0
DA:438,0
DA:439,0
DA:440,0
DA:441,0
DA:452,0
DA:463,0
DA:464,0
DA:465,0
DA:474,0
DA:483,0
DA:487,0
DA:488,0
DA:489,0
DA:494,0
DA:495,0
DA:496,0
DA:497,0
DA:499,0
DA:504,0
DA:508,0
DA:509,0
DA:510,0
DA:515,0
DA:516,0
DA:517,0
DA:518,0
DA:520,0
DA:525,0
DA:529,0
DA:530,0
DA:531,0
DA:536,0
DA:537,0
DA:538,0
DA:539,0
DA:541,0
DA:547,0
DA:553,0
DA:554,0
DA:555,0
DA:563,0
DA:564,0
DA:565,0
DA:566,0
DA:567,0
LF:180
LH:0
end_of_record
SF:lib/common/data/data_sources/env_datasource.dart
DA:7,0
DA:9,0
DA:11,0
DA:12,0
DA:13,0
DA:14,0
DA:15,0
DA:16,0
DA:17,0
DA:18,0
DA:19,0
DA:20,0
DA:21,0
DA:22,0
DA:23,0
DA:24,0
LF:16
LH:0
end_of_record
SF:lib/common/domain/use_cases/get_config_use_case.dart
DA:17,0
DA:19,0
DA:21,0
LF:3
LH:0
end_of_record
SF:lib/common/data/data_sources/package_info_datasource.dart
DA:6,0
DA:8,0
DA:9,0
LF:3
LH:0
end_of_record
SF:lib/common/data/exceptions/network_exceptions.dart
DA:4,1
DA:10,1
DA:16,0
DA:22,0
DA:28,0
DA:34,0
LF:6
LH:2
end_of_record
SF:lib/common/data/repositories/env_config_repository_impl.dart
DA:8,0
DA:10,0
DA:12,0
LF:3
LH:0
end_of_record
SF:lib/common/data/repositories/package_info_repository_impl.dart
DA:7,0
DA:9,0
DA:11,0
LF:3
LH:0
end_of_record
SF:lib/common/domain/error_exception.dart
DA:4,4
LF:1
LH:1
end_of_record
SF:lib/common/domain/tuples.dart
DA:6,0
DA:8,0
DA:12,0
DA:13,0
DA:14,0
DA:17,0
DA:18,0
DA:20,0
DA:29,0
DA:31,0
DA:35,0
DA:36,0
DA:37,0
DA:38,0
DA:41,0
DA:42,0
DA:44,0
DA:54,0
DA:56,0
DA:60,0
DA:61,0
DA:62,0
DA:63,0
DA:64,0
DA:67,0
DA:68,0
DA:70,0
DA:72,0
DA:83,0
DA:85,0
DA:89,0
DA:90,0
DA:91,0
DA:92,0
DA:93,0
DA:94,0
DA:97,0
DA:98,0
DA:100,0
DA:102,0
LF:40
LH:0
end_of_record
SF:lib/common/domain/use_cases/get_package_name_use_case.dart
DA:7,0
DA:9,0
DA:11,0
LF:3
LH:0
end_of_record
SF:lib/common/libs/polygonidcore/native_polygonidcore.dart
DA:13,0
DA:14,0
DA:17,0
DA:22,0
DA:26,0
DA:42,0
DA:46,0
DA:58,0
DA:62,0
DA:74,0
DA:78,0
DA:90,0
DA:94,0
DA:106,0
DA:111,0
DA:124,0
DA:129,0
DA:142,0
DA:146,0
DA:158,0
DA:161,0
DA:171,0
DA:176,0
DA:189,0
DA:195,0
DA:210,0
DA:215,0
DA:229,0
DA:235,0
DA:250,0
DA:253,0
DA:267,0
DA:269,0
DA:271,0
DA:274,0
DA:285,0
DA:289,0
DA:301,0
DA:304,0
DA:315,0
DA:319,0
DA:332,0
DA:335,0
DA:346,0
DA:350,0
DA:362,0
DA:367,0
DA:381,0
DA:382,0
DA:389,0
DA:392,0
DA:401,0
DA:404,0
DA:416,0
DA:419,0
DA:430,0
DA:433,0
DA:443,0
DA:446,0
DA:456,0
DA:459,0
DA:470,0
DA:480,0
DA:511,0
DA:515,0
DA:525,0
DA:528,0
DA:537,0
DA:540,0
DA:551,0
DA:554,0
DA:563,0
DA:567,0
DA:577,0
DA:580,0
DA:589,0
DA:593,0
DA:604,0
DA:608,0
DA:620,0
DA:625,0
DA:639,0
DA:644,0
DA:658,0
DA:667,0
DA:695,0
DA:696,0
DA:702,0
DA:705,0
DA:714,0
DA:718,0
DA:732,0
DA:736,0
DA:750,0
DA:755,0
DA:770,0
DA:775,0
DA:790,0
DA:795,0
DA:810,0
DA:815,0
DA:830,0
DA:833,0
DA:844,0
DA:849,0
DA:863,0
DA:867,0
DA:879,0
DA:882,0
DA:891,0
DA:894,0
DA:904,0
DA:905,0
DA:912,0
DA:918,0
DA:934,0
DA:937,0
DA:948,0
DA:954,0
DA:970,0
DA:975,0
DA:989,0
DA:994,0
DA:1013,0
DA:1016,0
DA:1025,0
DA:1030,0
DA:1044,0
DA:1047,0
DA:1058,0
DA:1061,0
DA:1071,0
DA:1074,0
DA:1085,0
DA:1086,0
DA:1093,0
DA:1096,0
DA:1107,0
DA:1110,0
DA:1121,0
DA:1122,0
DA:1129,0
DA:1132,0
DA:1143,0
DA:1146,0
DA:1155,0
DA:1158,0
DA:1169,0
DA:1174,0
DA:1188,0
DA:1191,0
DA:1202,0
DA:1203,0
DA:1210,0
DA:1213,0
DA:1224,0
DA:1228,0
DA:1242,0
DA:1245,0
DA:1258,0
DA:1263,0
DA:1277,0
DA:1280,0
DA:1291,0
DA:1294,0
DA:1305,0
DA:1308,0
DA:1317,0
DA:1320,0
DA:1330,0
DA:1333,0
DA:1342,0
DA:1345,0
DA:1356,0
DA:1357,0
DA:1364,0
DA:1368,0
DA:1381,0
DA:1385,0
DA:1398,0
DA:1399,0
DA:1407,0
DA:1410,0
DA:1421,0
DA:1426,0
DA:1441,0
DA:1442,0
DA:1449,0
DA:1454,0
DA:1471,0
DA:1475,0
DA:1489,0
DA:1493,0
DA:1506,0
DA:1510,0
DA:1524,0
DA:1529,0
DA:1544,0
DA:1547,0
DA:1558,0
DA:1563,0
DA:1578,0
DA:1583,0
DA:1598,0
DA:1602,0
DA:1612,0
DA:1616,0
DA:1628,0
DA:1634,0
DA:1649,0
DA:1653,0
DA:1667,0
DA:1671,0
DA:1683,0
DA:1684,0
DA:1693,0
DA:1696,0
DA:1707,0
DA:1716,0
DA:1744,0
DA:1753,0
DA:1781,0
DA:1790,0
DA:1818,0
DA:1829,0
DA:1862,0
DA:1873,0
DA:1906,0
DA:1912,0
DA:1928,0
DA:1931,0
DA:1942,0
DA:1948,0
DA:1964,0
DA:1965,0
DA:1972,0
DA:1973,0
DA:1980,0
DA:1984,0
DA:1997,0
DA:2003,0
DA:2019,0
DA:2024,0
DA:2039,0
DA:2044,0
DA:2062,0
DA:2064,0
DA:2066,0
DA:2071,0
DA:2085,0
DA:2090,0
DA:2104,0
DA:2109,0
DA:2124,0
DA:2129,0
DA:2144,0
DA:2149,0
DA:2163,0
DA:2167,0
DA:2181,0
DA:2185,0
DA:2198,0
DA:2202,0
DA:2215,0
DA:2219,0
DA:2232,0
DA:2236,0
DA:2250,0
DA:2254,0
DA:2267,0
DA:2270,0
DA:2281,0
DA:2284,0
DA:2295,0
DA:2300,0
DA:2315,0
DA:2320,0
DA:2334,0
DA:2339,0
DA:2354,0
DA:2358,0
DA:2372,0
DA:2376,0
DA:2389,0
DA:2393,0
DA:2406,0
DA:2410,0
DA:2424,0
DA:2428,0
DA:2442,0
DA:2447,0
DA:2461,0
DA:2466,0
DA:2483,0
DA:2488,0
DA:2502,0
DA:2505,0
DA:2516,0
DA:2522,0
DA:2538,0
DA:2542,0
DA:2556,0
DA:2561,0
DA:2576,0
DA:2580,0
DA:2593,0
DA:2597,0
DA:2609,0
DA:2612,0
DA:2623,0
DA:2629,0
DA:2644,0
DA:2650,0
DA:2666,0
DA:2671,0
DA:2685,0
DA:2690,0
DA:2704,0
DA:2709,0
DA:2723,0
DA:2727,0
DA:2741,0
DA:2746,0
DA:2761,0
DA:2766,0
DA:2780,0
DA:2785,0
DA:2799,0
DA:2803,0
DA:2815,0
DA:2819,0
DA:2833,0
DA:2838,0
DA:2852,0
DA:2857,0
DA:2871,0
DA:2876,0
DA:2890,0
DA:2895,0
DA:2909,0
DA:2914,0
DA:2928,0
DA:2932,0
DA:2944,0
DA:2948,0
DA:2961,0
DA:2965,0
DA:2978,0
DA:2981,0
DA:2990,0
DA:2994,0
DA:3007,0
DA:3012,0
DA:3026,0
DA:3029,0
DA:3038,0
DA:3041,0
DA:3050,0
DA:3053,0
DA:3062,0
DA:3065,0
DA:3074,0
DA:3077,0
DA:3086,0
DA:3091,0
DA:3109,0
DA:3114,0
DA:3131,0
DA:3136,0
DA:3153,0
DA:3158,0
DA:3175,0
DA:3180,0
DA:3199,0
DA:3204,0
DA:3221,0
DA:3227,0
DA:3251,0
DA:3256,0
DA:3273,0
DA:3279,0
DA:3303,0
DA:3308,0
DA:3325,0
DA:3331,0
DA:3355,0
DA:3361,0
DA:3385,0
DA:3388,0
LF:389
LH:0
end_of_record
SF:lib/common/libs/polygonidcore/pidcore_base.dart
DA:13,0
DA:14,0
DA:15,0
DA:16,0
DA:19,0
DA:21,0
DA:22,0
DA:24,0
DA:30,0
DA:32,0
DA:36,0
DA:38,0
DA:40,0
DA:43,0
DA:44,0
DA:46,0
DA:48,0
DA:49,0
DA:53,0
DA:58,0
LF:20
LH:0
end_of_record
SF:lib/common/utils/big_int_extension.dart
DA:2,0
DA:5,0
DA:6,0
DA:10,0
LF:4
LH:0
end_of_record
SF:lib/common/utils/encrypt_sembast_codec.dart
DA:13,0
DA:15,0
DA:18,0
DA:19,0
DA:20,0
DA:21,0
DA:22,0
DA:24,0
DA:25,0
DA:26,0
DA:27,0
DA:29,0
DA:30,0
DA:31,0
DA:32,0
DA:33,0
DA:36,0
DA:46,0
DA:48,0
DA:51,0
DA:52,0
DA:53,0
DA:54,0
DA:56,0
DA:57,0
DA:58,0
DA:60,0
DA:61,0
DA:62,0
DA:63,0
DA:68,0
DA:69,0
DA:71,0
DA:80,0
DA:81,0
DA:82,0
DA:85,0
DA:86,0
DA:88,0
DA:89,0
DA:93,0
DA:96,0
DA:97,0
DA:98,0
LF:44
LH:0
end_of_record
SF:lib/common/utils/hex_utils.dart
DA:10,0
DA:11,0
DA:12,0
DA:14,0
DA:17,0
DA:18,0
DA:21,0
DA:25,0
DA:28,0
DA:30,0
DA:31,0
DA:34,0
DA:35,0
DA:38,0
DA:41,0
DA:42,0
DA:50,0
DA:51,0
DA:52,0
DA:53,0
DA:55,0
DA:58,0
DA:59,0
DA:60,0
DA:63,0
DA:64,0
DA:65,0
DA:67,0
DA:70,0
DA:72,0
DA:73,0
DA:74,0
DA:75,0
DA:76,0
DA:80,0
DA:81,0
DA:82,0
DA:83,0
DA:84,0
DA:85,0
DA:86,0
DA:87,0
DA:88,0
DA:89,0
DA:91,0
DA:92,0
DA:95,0
DA:104,0
DA:105,0
DA:111,0
DA:113,0
DA:114,0
DA:115,0
DA:116,0
DA:117,0
DA:119,0
DA:120,0
DA:121,0
DA:123,0
DA:129,0
DA:130,0
DA:131,0
DA:132,0
DA:133,0
DA:134,0
DA:135,0
DA:137,0
DA:146,0
DA:156,0
DA:157,0
DA:158,0
LF:71
LH:0
end_of_record
SF:lib/common/utils/http_exceptions_handler_mixin.dart
DA:4,0
DA:5,0
DA:7,0
DA:8,0
DA:9,0
DA:10,0
DA:11,0
DA:12,0
DA:13,0
DA:14,0
DA:15,0
LF:11
LH:0
end_of_record
SF:lib/credential/data/dtos/claim_proofs/claim_proof_dto.dart
DA:17,7
DA:19,7
DA:20,7
DA:23,7
DA:24,7
DA:26,7
DA:27,7
DA:28,7
DA:29,7
DA:31,7
DA:32,0
DA:33,7
DA:35,7
DA:36,7
DA:37,7
DA:38,14
DA:41,0
DA:43,0
DA:44,0
DA:45,0
DA:50,0
DA:51,0
DA:53,1
DA:54,1
DA:55,1
DA:64,7
DA:66,7
DA:67,7
DA:69,6
DA:88,7
DA:91,7
DA:92,7
DA:94,6
DA:103,7
DA:105,7
DA:106,7
DA:108,6
DA:116,7
DA:118,0
DA:119,0
DA:121,0
LF:41
LH:31
end_of_record
SF:lib/credential/data/dtos/claim_proofs/claim_proof_dto.g.dart
DA:9,0
DA:10,0
DA:11,0
DA:12,0
DA:13,0
DA:14,0
DA:15,0
DA:16,0
DA:19,7
DA:20,7
DA:21,7
DA:22,28
DA:25,3
DA:26,3
DA:27,3
DA:28,3
DA:31,7
DA:33,7
DA:34,7
DA:35,7
DA:36,14
DA:37,7
DA:39,0
DA:40,0
DA:43,3
DA:45,3
DA:46,3
DA:47,3
DA:48,6
DA:49,3
DA:58,7
DA:60,7
DA:61,7
DA:62,7
DA:65,3
DA:67,3
DA:68,3
DA:69,3
DA:72,0
DA:73,0
DA:74,0
DA:75,0
DA:78,0
DA:80,0
DA:81,0
DA:82,0
LF:46
LH:28
end_of_record
SF:lib/credential/data/dtos/claim_info_dto.dart
DA:25,7
DA:38,7
DA:39,7
DA:41,6
DA:42,6
DA:44,1
DA:45,1
DA:46,1
DA:47,1
DA:48,1
DA:49,1
DA:50,1
DA:51,1
DA:52,1
DA:53,1
DA:54,1
DA:55,1
DA:64,7
DA:69,7
DA:70,14
DA:71,7
DA:72,7
DA:73,7
DA:74,7
DA:76,7
DA:79,3
DA:80,3
DA:81,3
DA:82,3
DA:85,15
DA:90,1
DA:91,4
DA:110,7
DA:113,7
DA:114,7
DA:116,6
DA:117,6
DA:119,1
DA:120,5
DA:128,7
DA:130,7
DA:131,7
DA:133,6
DA:135,1
DA:136,3
LF:45
LH:45
end_of_record
SF:lib/credential/data/dtos/claim_info_dto.g.dart
DA:9,14
DA:10,7
DA:11,28
DA:12,28
DA:13,7
DA:14,7
DA:15,7
DA:16,7
DA:17,7
DA:18,7
DA:19,7
DA:20,7
DA:21,7
DA:22,7
DA:23,21
DA:24,7
DA:27,3
DA:28,3
DA:29,3
DA:30,3
DA:31,3
DA:32,3
DA:33,3
DA:34,6
DA:35,6
DA:36,3
DA:37,6
DA:38,15
DA:41,7
DA:42,7
DA:43,7
DA:44,7
DA:45,14
DA:46,7
DA:48,0
DA:49,0
DA:52,3
DA:54,3
DA:55,3
DA:56,3
DA:57,6
DA:58,3
DA:67,7
DA:68,7
DA:69,7
DA:70,7
DA:73,3
DA:75,3
DA:76,3
DA:77,3
LF:50
LH:48
end_of_record
SF:lib/credential/data/data_sources/lib_pidcore_credential_data_source.dart
DA:10,0
DA:16,0
DA:21,0
DA:24,0
DA:25,0
DA:28,0
DA:30,0
LF:7
LH:0
end_of_record
SF:lib/credential/libs/polygonidcore/pidcore_credential.dart
DA:12,0
DA:13,0
DA:18,0
DA:19,0
DA:20,0
DA:21,0
DA:24,0
DA:25,0
DA:26,0
DA:27,0
LF:10
LH:0
end_of_record
SF:lib/credential/data/dtos/claim_proofs/claim_proof_bjj_dto.dart
DA:11,7
DA:13,7
DA:15,0
DA:16,0
DA:18,3
DA:19,3
DA:28,7
DA:30,7
DA:32,7
DA:33,7
DA:35,3
DA:36,3
LF:12
LH:10
end_of_record
SF:lib/credential/data/dtos/claim_proofs/claim_proof_bjj_dto.g.dart
DA:9,0
DA:10,0
DA:11,0
DA:12,0
DA:13,0
DA:14,0
DA:17,3
DA:18,3
DA:19,3
DA:20,6
DA:21,3
DA:22,3
DA:25,7
DA:27,7
DA:28,7
DA:29,14
DA:30,7
DA:31,14
DA:32,7
DA:33,7
DA:36,3
DA:38,3
DA:39,3
DA:40,6
DA:41,3
DA:42,6
DA:43,6
LF:27
LH:21
end_of_record
SF:lib/credential/data/dtos/claim_proofs/claim_proof_sm_dto.dart
DA:11,7
DA:13,7
DA:15,0
DA:16,0
DA:18,3
DA:19,3
DA:24,7
DA:25,7
DA:27,7
DA:28,7
DA:30,3
DA:31,3
DA:47,7
DA:49,7
DA:51,7
DA:52,7
DA:54,3
DA:55,3
LF:18
LH:16
end_of_record
SF:lib/credential/data/dtos/claim_proofs/claim_proof_sm_dto.g.dart
DA:9,0
DA:10,0
DA:11,0
DA:12,0
DA:13,0
DA:14,0
DA:15,0
DA:18,3
DA:19,3
DA:20,3
DA:21,6
DA:22,3
DA:23,6
DA:26,7
DA:28,7
DA:29,7
DA:30,7
DA:31,7
DA:34,3
DA:36,3
DA:37,3
DA:38,6
DA:41,7
DA:43,7
DA:44,7
DA:45,7
DA:46,7
DA:47,7
DA:48,7
DA:49,7
DA:50,7
DA:53,3
DA:55,3
DA:56,3
DA:57,3
DA:58,3
DA:59,3
DA:60,3
DA:61,3
DA:62,3
LF:40
LH:33
end_of_record
SF:lib/credential/data/dtos/mtp_node_aux.dart
DA:7,1
DA:13,1
DA:14,1
DA:15,1
DA:16,1
DA:20,2
DA:21,2
DA:22,2
LF:8
LH:8
end_of_record
SF:lib/credential/data/dtos/revocation_status.dart
DA:9,1
DA:15,1
DA:20,2
DA:25,2
DA:30,1
DA:35,1
DA:42,0
DA:43,0
DA:44,0
LF:9
LH:6
end_of_record
SF:lib/credential/data/dtos/revocation_status_issuer.dart
DA:7,1
DA:17,1
DA:18,1
DA:19,1
DA:20,1
DA:21,1
DA:22,1
DA:26,0
DA:27,0
DA:28,0
DA:29,0
DA:30,0
LF:12
LH:7
end_of_record
SF:lib/credential/data/dtos/revocation_status_mtp.dart
DA:11,1
DA:17,1
DA:20,2
DA:25,1
DA:26,1
DA:27,1
DA:28,1
DA:33,2
DA:34,1
DA:35,1
DA:36,1
DA:37,2
DA:38,1
DA:39,1
LF:14
LH:14
end_of_record
SF:lib/credential/data/mappers/claim_info_mapper.dart
DA:6,0
DA:8,0
DA:11,0
DA:13,0
LF:4
LH:0
end_of_record
SF:lib/credential/data/mappers/claim_state_mapper.dart
DA:6,1
DA:9,1
DA:11,1
DA:13,1
DA:20,1
DA:23,1
DA:25,1
DA:27,1
LF:8
LH:8
end_of_record
SF:lib/credential/data/mappers/filter_mapper.dart
DA:7,1
DA:9,1
DA:10,1
DA:11,3
DA:12,1
DA:13,0
DA:14,1
DA:15,3
DA:16,1
DA:17,3
DA:18,1
DA:19,3
DA:20,1
DA:21,3
DA:22,1
DA:23,3
DA:24,1
DA:25,0
DA:26,0
DA:27,0
DA:28,1
DA:29,3
LF:22
LH:18
end_of_record
SF:lib/credential/domain/use_cases/get_auth_claim_use_case.dart
DA:9,0
DA:11,0
DA:13,0
DA:14,0
DA:15,0
DA:16,0
DA:18,0
DA:19,0
LF:8
LH:0
end_of_record
SF:lib/credential/domain/use_cases/get_claim_revocation_status_use_case.dart
DA:15,0
DA:18,0
DA:20,0
DA:23,0
DA:25,0
DA:28,0
DA:30,0
DA:31,0
DA:32,0
DA:34,0
DA:35,0
LF:11
LH:0
end_of_record
SF:lib/identity/domain/use_cases/generate_non_rev_proof_use_case.dart
DA:17,0
DA:23,0
DA:25,0
DA:26,0
DA:27,0
DA:28,0
DA:29,0
DA:30,0
DA:31,0
DA:33,0
DA:34,0
DA:35,0
DA:36,0
DA:39,0
DA:40,0
LF:15
LH:0
end_of_record
SF:lib/credential/domain/use_cases/get_claims_use_case.dart
DA:13,1
DA:25,1
DA:27,1
DA:29,1
DA:30,1
DA:31,1
DA:32,1
DA:33,1
DA:34,2
DA:35,3
DA:37,2
DA:38,3
LF:12
LH:12
end_of_record
SF:lib/credential/domain/use_cases/remove_all_claims_use_case.dart
DA:9,1
DA:18,0
DA:20,0
DA:22,0
DA:23,0
DA:24,0
DA:25,0
DA:27,0
DA:28,0
DA:29,0
DA:30,0
LF:11
LH:1
end_of_record
SF:lib/credential/domain/use_cases/remove_claims_use_case.dart
DA:10,1
DA:20,1
DA:22,1
DA:24,1
DA:25,1
DA:26,1
DA:27,1
DA:28,1
DA:30,4
DA:31,1
DA:32,2
DA:33,3
LF:12
LH:12
end_of_record
SF:lib/credential/domain/use_cases/save_claims_use_case.dart
DA:15,1
DA:29,0
DA:32,0
DA:34,0
DA:35,0
DA:36,0
DA:37,0
DA:38,0
DA:40,0
DA:41,0
DA:42,0
DA:44,0
DA:45,0
DA:46,0
LF:14
LH:1
end_of_record
SF:lib/iden3comm/domain/use_cases/get_auth_token_use_case.dart
DA:19,3
DA:34,1
DA:41,1
DA:43,1
DA:44,3
DA:45,4
DA:46,4
DA:47,2
DA:48,2
DA:49,2
DA:50,2
DA:52,4
DA:53,1
DA:54,2
DA:55,4
DA:56,2
DA:57,2
DA:58,3
DA:61,2
DA:62,3
LF:20
LH:20
end_of_record
SF:lib/iden3comm/domain/use_cases/get_fetch_requests_use_case.dart
DA:14,2
DA:19,1
DA:21,4
DA:22,4
DA:23,1
DA:24,2
DA:27,2
DA:28,2
DA:29,1
DA:30,2
DA:31,1
LF:11
LH:11
end_of_record
SF:lib/credential/domain/use_cases/update_claim_use_case.dart
DA:16,1
DA:31,1
DA:33,1
DA:38,1
DA:39,1
DA:40,3
DA:41,3
DA:42,1
DA:43,1
DA:44,1
DA:45,2
DA:46,1
DA:47,2
DA:48,1
DA:49,4
DA:50,1
DA:51,1
DA:52,3
DA:53,2
DA:54,2
DA:55,2
DA:58,2
DA:59,3
LF:23
LH:23
end_of_record
SF:lib/env/dev_env.g.dart
DA:28,0
DA:29,0
DA:30,0
DA:31,0
DA:49,0
DA:50,0
DA:51,0
DA:52,0
DA:130,0
DA:131,0
DA:132,0
DA:133,0
DA:207,0
DA:208,0
DA:209,0
DA:210,0
DA:280,0
DA:281,0
DA:282,0
DA:283,0
DA:373,0
DA:374,0
DA:376,0
DA:377,0
DA:378,0
DA:379,0
DA:467,0
DA:468,0
DA:469,0
DA:470,0
LF:30
LH:0
end_of_record
SF:lib/env/dev_env.dart
DA:9,0
LF:1
LH:0
end_of_record
SF:lib/env/prod_env.dart
DA:9,0
LF:1
LH:0
end_of_record
SF:lib/env/prod_env.g.dart
DA:28,0
DA:29,0
DA:30,0
DA:31,0
DA:49,0
DA:50,0
DA:51,0
DA:52,0
DA:130,0
DA:131,0
DA:132,0
DA:133,0
DA:207,0
DA:208,0
DA:209,0
DA:210,0
DA:280,0
DA:281,0
DA:282,0
DA:283,0
DA:373,0
DA:374,0
DA:376,0
DA:377,0
DA:378,0
DA:379,0
DA:467,0
DA:468,0
DA:469,0
DA:470,0
LF:30
LH:0
end_of_record
SF:lib/iden3comm/data/data_sources/lib_pidcore_iden3comm_data_source.dart
DA:9,0
DA:13,0
DA:24,0
DA:27,0
DA:71,0
DA:73,0
LF:6
LH:0
end_of_record
SF:lib/iden3comm/libs/polygonidcore/pidcore_iden3comm.dart
DA:12,0
DA:13,0
DA:18,0
DA:19,0
DA:20,0
DA:21,0
DA:24,0
DA:25,0
DA:26,0
DA:27,0
LF:10
LH:0
end_of_record
SF:lib/iden3comm/data/data_sources/remote_iden3comm_data_source.dart
DA:16,1
DA:18,1
DA:22,2
DA:23,4
DA:26,1
DA:31,2
DA:32,2
DA:33,2
DA:34,3
DA:35,1
DA:42,1
DA:44,2
DA:45,4
DA:48,1
DA:53,2
DA:54,2
DA:56,3
DA:58,2
DA:59,1
DA:60,2
DA:61,1
DA:63,3
DA:64,2
DA:65,1
DA:67,1
DA:70,2
DA:71,3
DA:72,1
DA:77,0
DA:81,0
DA:82,0
DA:83,0
DA:86,0
DA:87,0
DA:88,0
DA:89,0
DA:90,0
DA:94,0
DA:97,0
DA:98,0
DA:102,0
DA:106,0
DA:107,0
DA:108,0
DA:109,0
DA:113,0
DA:114,0
DA:116,0
DA:117,0
DA:118,0
DA:120,0
DA:121,0
DA:125,0
DA:126,0
DA:127,0
DA:131,0
DA:134,0
DA:137,0
DA:138,0
LF:59
LH:28
end_of_record
SF:lib/iden3comm/domain/exceptions/iden3comm_exceptions.dart
DA:9,3
DA:16,0
DA:24,0
DA:30,1
DA:34,2
DA:38,0
DA:42,0
DA:46,2
DA:50,0
LF:9
LH:4
end_of_record
SF:lib/iden3comm/data/dtos/response/auth/auth_body_did_doc_response.dart
DA:45,2
DA:56,1
DA:58,4
DA:64,1
DA:65,3
DA:66,1
DA:67,1
DA:69,1
DA:76,4
DA:77,2
DA:78,2
DA:83,8
LF:12
LH:12
end_of_record
SF:lib/iden3comm/data/dtos/response/auth/auth_body_did_doc_service_response.dart
DA:43,2
DA:50,2
DA:52,4
DA:53,2
DA:54,2
DA:55,2
DA:56,2
DA:60,4
DA:61,2
DA:62,2
DA:63,2
DA:64,4
LF:12
LH:12
end_of_record
SF:lib/iden3comm/data/dtos/response/auth/auth_body_did_doc_service_metadata_devices_response.dart
DA:39,4
DA:45,4
DA:47,4
DA:48,4
DA:49,4
DA:53,8
DA:54,4
DA:55,4
LF:8
LH:8
end_of_record
SF:lib/iden3comm/data/dtos/response/auth/auth_body_did_doc_service_metadata_response.dart
DA:40,3
DA:46,3
DA:49,3
DA:50,6
DA:51,3
DA:52,3
DA:53,3
DA:58,6
DA:59,15
LF:9
LH:9
end_of_record
SF:lib/iden3comm/data/dtos/response/auth/auth_body_response.dart
DA:75,1
DA:95,2
DA:96,1
DA:97,1
DA:98,3
LF:5
LH:5
end_of_record
SF:lib/iden3comm/data/dtos/response/auth/auth_response.dart
DA:78,1
DA:98,2
DA:99,1
DA:100,1
DA:101,1
DA:102,1
DA:103,1
DA:104,1
DA:105,2
LF:9
LH:9
end_of_record
SF:lib/iden3comm/data/mappers/auth_inputs_mapper.dart
DA:7,0
DA:9,0
LF:2
LH:0
end_of_record
SF:lib/iden3comm/data/mappers/auth_proof_mapper.dart
DA:14,0
DA:16,0
DA:18,0
DA:19,0
DA:20,0
DA:21,0
DA:22,0
DA:25,0
DA:26,0
LF:9
LH:0
end_of_record
SF:lib/identity/data/mappers/hash_mapper.dart
DA:8,0
DA:10,0
DA:11,0
DA:15,0
DA:17,0
DA:18,0
LF:6
LH:0
end_of_record
SF:lib/proof/data/mappers/node_aux_mapper.dart
DA:6,0
DA:8,0
DA:9,0
DA:10,0
DA:14,0
DA:16,0
DA:17,0
DA:18,0
LF:8
LH:0
end_of_record
SF:lib/iden3comm/data/mappers/auth_response_mapper.dart
DA:7,1
DA:9,1
LF:2
LH:2
end_of_record
SF:lib/iden3comm/data/mappers/gist_proof_mapper.dart
DA:8,0
DA:10,0
DA:12,0
DA:13,0
DA:14,0
DA:15,0
DA:16,0
DA:17,0
DA:18,0
DA:22,0
DA:23,0
DA:24,0
DA:25,0
LF:13
LH:0
end_of_record
SF:lib/iden3comm/data/mappers/proof_request_filters_mapper.dart
DA:10,1
DA:12,2
DA:14,1
DA:15,1
DA:16,1
DA:17,1
DA:20,1
DA:22,2
DA:23,0
DA:24,0
DA:27,0
DA:31,1
DA:32,0
DA:33,2
DA:36,1
DA:39,1
DA:40,1
DA:42,2
DA:43,1
DA:44,2
DA:45,1
DA:46,2
DA:55,1
DA:57,1
DA:58,1
DA:59,1
DA:60,1
DA:62,1
DA:63,1
DA:64,1
DA:66,1
DA:69,1
DA:70,1
DA:71,1
DA:73,1
DA:76,1
DA:77,1
DA:79,2
DA:80,1
DA:82,1
DA:83,1
DA:85,1
DA:88,1
DA:89,1
DA:90,3
DA:91,1
DA:94,1
DA:95,1
DA:96,0
DA:97,0
DA:99,0
DA:106,1
LF:52
LH:45
end_of_record
SF:lib/iden3comm/data/repositories/iden3comm_credential_repository_impl.dart
DA:16,1
DA:22,0
DA:24,0
DA:27,1
DA:33,1
DA:34,1
DA:35,2
DA:37,1
DA:38,4
DA:39,2
DA:40,1
DA:42,1
DA:43,4
DA:44,2
DA:45,1
DA:50,2
DA:51,4
DA:52,3
DA:55,0
DA:57,0
DA:58,0
DA:59,0
DA:62,0
DA:65,0
DA:66,0
DA:67,0
LF:26
LH:16
end_of_record
SF:lib/iden3comm/data/repositories/iden3comm_repository_impl.dart
DA:50,1
DA:61,1
DA:66,2
DA:68,1
DA:69,1
DA:72,2
DA:75,0
DA:87,0
DA:89,0
DA:91,0
DA:93,0
DA:94,0
DA:98,0
DA:99,0
DA:100,0
DA:101,0
DA:105,0
DA:106,0
DA:111,0
DA:114,0
DA:116,0
DA:117,0
DA:119,0
DA:120,0
DA:121,0
DA:124,0
DA:125,0
DA:127,0
DA:136,0
DA:138,0
DA:144,0
DA:145,0
DA:146,0
DA:147,0
DA:149,0
DA:150,0
DA:152,0
DA:153,0
DA:155,0
DA:156,0
DA:157,0
DA:161,0
DA:173,0
DA:177,0
DA:178,0
DA:179,0
DA:183,0
DA:186,1
DA:188,3
DA:189,4
LF:50
LH:9
end_of_record
SF:lib/identity/data/data_sources/lib_babyjubjub_data_source.dart
DA:6,0
DA:8,0
DA:10,0
DA:11,0
DA:13,0
DA:17,0
DA:19,0
DA:20,0
DA:22,0
DA:26,0
DA:28,0
DA:29,0
DA:31,0
DA:35,0
DA:39,0
DA:40,0
DA:42,0
LF:17
LH:0
end_of_record
SF:lib/identity/data/mappers/q_mapper.dart
DA:10,0
DA:13,0
DA:14,0
DA:17,0
DA:20,0
LF:5
LH:0
end_of_record
SF:lib/iden3comm/domain/entities/request/fetch/fetch_body_request.dart
DA:70,6
DA:76,6
DA:77,6
DA:78,6
DA:82,3
DA:83,3
DA:84,3
DA:87,0
DA:88,0
DA:90,1
DA:93,1
DA:94,3
DA:95,3
DA:97,0
DA:98,0
LF:15
LH:11
end_of_record
SF:lib/iden3comm/domain/entities/request/onchain/contract_function_call_body_request.dart
DA:50,5
DA:57,5
DA:59,5
DA:60,5
DA:61,5
DA:62,15
DA:63,5
DA:64,5
DA:66,5
DA:71,2
DA:72,2
DA:73,1
DA:74,5
DA:77,0
DA:79,0
DA:81,1
DA:84,1
DA:85,3
DA:86,3
DA:87,3
DA:88,3
DA:90,0
DA:91,0
LF:23
LH:19
end_of_record
SF:lib/iden3comm/domain/entities/request/onchain/contract_function_call_body_tx_data_request.dart
DA:46,6
DA:56,6
DA:58,6
DA:59,6
DA:60,6
DA:61,6
DA:62,6
DA:65,4
DA:66,2
DA:67,2
DA:68,2
DA:69,2
DA:72,0
DA:74,0
DA:76,1
DA:79,1
DA:80,3
DA:81,3
DA:82,3
DA:83,3
DA:84,3
DA:86,0
DA:87,0
LF:23
LH:19
end_of_record
SF:lib/iden3comm/domain/use_cases/authenticate_use_case.dart
DA:21,1
DA:37,1
DA:46,1
DA:49,2
DA:50,1
DA:51,1
DA:52,1
DA:53,1
DA:54,1
DA:58,2
DA:59,2
DA:62,2
DA:64,2
DA:65,1
DA:66,1
DA:72,2
DA:74,2
DA:75,1
DA:76,1
DA:79,1
DA:83,2
DA:84,1
DA:85,1
DA:86,1
DA:89,2
DA:90,1
DA:94,3
LF:27
LH:27
end_of_record
SF:lib/identity/domain/use_cases/get_did_identifier_use_case.dart
DA:13,3
DA:26,1
DA:29,1
DA:31,1
DA:32,2
DA:33,4
DA:34,1
DA:35,1
DA:36,2
DA:37,1
DA:38,2
DA:39,3
DA:42,2
DA:43,3
LF:14
LH:14
end_of_record
SF:lib/iden3comm/domain/use_cases/get_iden3comm_proofs_use_case.dart
DA:30,2
DA:47,1
DA:56,1
DA:59,1
DA:62,3
DA:64,1
DA:65,1
DA:66,1
DA:68,3
DA:72,2
DA:73,2
DA:74,2
DA:76,1
DA:77,1
DA:78,1
DA:79,1
DA:80,1
DA:81,1
DA:82,1
DA:83,3
DA:84,2
DA:85,2
DA:87,2
DA:91,1
DA:92,1
DA:93,0
DA:94,0
DA:98,3
DA:99,3
DA:100,1
DA:101,2
DA:109,2
DA:110,0
LF:33
LH:30
end_of_record
SF:lib/iden3comm/domain/use_cases/fetch_and_save_claims_use_case.dart
DA:18,1
DA:34,1
DA:42,1
DA:48,1
DA:49,4
DA:50,2
DA:51,1
DA:53,2
DA:54,1
DA:55,1
DA:56,1
DA:57,1
DA:58,1
DA:59,1
DA:62,4
DA:63,1
DA:65,3
DA:66,2
DA:68,1
DA:69,1
DA:70,1
DA:73,1
DA:74,1
DA:75,2
DA:76,3
DA:77,0
DA:78,0
DA:79,0
DA:80,0
DA:82,0
DA:83,0
DA:84,0
DA:85,0
DA:86,0
DA:89,1
DA:95,3
DA:96,1
DA:97,1
DA:99,1
DA:100,1
DA:102,2
DA:103,2
DA:104,1
DA:108,2
DA:109,3
LF:45
LH:36
end_of_record
SF:lib/iden3comm/domain/use_cases/get_auth_challenge_use_case.dart
DA:10,0
DA:12,0
DA:14,0
DA:15,0
DA:16,0
DA:19,0
DA:20,0
LF:7
LH:0
end_of_record
SF:lib/iden3comm/domain/use_cases/get_auth_inputs_use_case.dart
DA:26,2
DA:41,1
DA:52,1
DA:54,2
DA:55,1
DA:56,2
DA:58,3
DA:60,2
DA:62,2
DA:63,1
DA:65,1
DA:66,1
DA:68,2
DA:69,1
DA:71,1
DA:72,1
DA:75,2
DA:77,3
DA:80,3
DA:82,1
DA:83,4
DA:84,4
DA:85,3
DA:86,1
DA:87,1
DA:95,2
DA:96,3
DA:99,1
DA:100,0
LF:29
LH:28
end_of_record
SF:lib/identity/domain/use_cases/get_latest_state_use_case.dart
DA:11,2
DA:18,1
DA:20,1
DA:22,2
DA:23,2
DA:25,1
DA:26,1
DA:28,2
DA:30,1
DA:31,1
DA:33,2
DA:35,1
DA:36,1
DA:39,3
DA:40,1
DA:41,2
DA:42,2
DA:43,2
DA:44,1
DA:45,5
DA:46,4
DA:47,2
DA:48,3
DA:51,2
DA:52,3
LF:25
LH:25
end_of_record
SF:lib/identity/domain/use_cases/identity/get_identity_use_case.dart
DA:15,4
DA:27,0
DA:33,0
DA:39,0
DA:41,0
DA:43,0
DA:44,0
DA:45,0
DA:46,0
DA:47,0
DA:49,0
DA:50,0
DA:54,0
DA:55,0
DA:56,0
DA:57,0
DA:58,0
DA:59,0
DA:60,0
DA:63,0
DA:66,0
DA:70,0
LF:22
LH:1
end_of_record
SF:lib/identity/domain/use_cases/sign_message_use_case.dart
DA:9,2
DA:15,1
DA:17,1
DA:19,1
DA:20,3
DA:21,2
DA:22,2
DA:23,3
DA:26,2
DA:27,3
LF:10
LH:10
end_of_record
SF:lib/proof/domain/use_cases/get_gist_proof_use_case.dart
DA:16,0
DA:23,0
DA:25,0
DA:26,0
DA:28,0
DA:29,0
DA:31,0
DA:32,0
DA:33,0
DA:34,0
DA:35,0
DA:38,0
DA:39,0
LF:13
LH:0
end_of_record
SF:lib/proof/domain/use_cases/load_circuit_use_case.dart
DA:9,0
DA:11,0
DA:13,0
DA:14,0
DA:17,0
DA:18,0
LF:6
LH:0
end_of_record
SF:lib/iden3comm/domain/use_cases/get_filters_use_case.dart
DA:16,1
DA:22,1
DA:25,1
DA:28,2
DA:31,2
DA:32,2
DA:33,2
DA:36,2
LF:8
LH:8
end_of_record
SF:lib/proof/domain/use_cases/is_proof_circuit_supported_use_case.dart
DA:7,0
DA:9,0
DA:11,0
LF:3
LH:0
end_of_record
SF:lib/iden3comm/domain/use_cases/get_proof_requests_use_case.dart
DA:11,1
DA:13,1
DA:16,1
DA:18,1
DA:19,2
DA:20,3
DA:23,4
DA:24,1
DA:25,1
DA:26,4
DA:27,2
DA:30,1
LF:12
LH:12
end_of_record
SF:lib/iden3comm/domain/use_cases/get_iden3comm_claims_use_case.dart
DA:19,1
DA:35,0
DA:44,0
DA:47,0
DA:50,0
DA:53,0
DA:54,0
DA:55,0
DA:57,0
DA:58,0
DA:59,0
DA:60,0
DA:62,0
DA:63,0
DA:65,0
DA:66,0
DA:67,0
DA:68,0
DA:70,0
DA:71,0
DA:72,0
DA:75,0
DA:76,0
DA:77,0
DA:78,0
DA:79,0
DA:80,0
DA:81,0
DA:83,0
DA:84,0
DA:88,0
DA:89,0
LF:32
LH:1
end_of_record
SF:lib/identity/domain/use_cases/get_did_use_case.dart
DA:12,0
DA:22,0
DA:24,0
DA:26,0
DA:28,0
DA:29,0
DA:31,0
DA:32,0
DA:33,0
DA:35,0
DA:37,0
DA:39,0
LF:12
LH:0
end_of_record
SF:lib/proof/domain/use_cases/generate_proof_use_case.dart
DA:44,1
DA:68,0
DA:81,0
DA:89,0
DA:90,0
DA:91,0
DA:92,0
DA:93,0
DA:94,0
DA:96,0
DA:98,0
DA:99,0
DA:101,0
DA:102,0
DA:104,0
DA:105,0
DA:107,0
DA:108,0
DA:111,0
DA:112,0
DA:113,0
DA:115,0
DA:117,0
DA:118,0
DA:121,0
DA:124,0
DA:125,0
DA:126,0
DA:127,0
DA:128,0
DA:134,0
DA:136,0
DA:137,0
DA:139,0
DA:140,0
DA:145,0
DA:147,0
DA:150,0
DA:151,0
DA:155,0
DA:156,0
DA:157,0
DA:158,0
DA:161,0
DA:162,0
DA:163,0
DA:164,0
DA:165,0
DA:168,0
DA:169,0
DA:170,0
DA:171,0
DA:172,0
DA:175,0
DA:176,0
LF:55
LH:1
end_of_record
SF:lib/iden3comm/domain/use_cases/get_iden3message_type_use_case.dart
DA:7,1
DA:12,1
DA:15,1
DA:18,1
DA:21,1
DA:26,1
LF:6
LH:6
end_of_record
SF:lib/iden3comm/domain/use_cases/get_iden3message_use_case.dart
DA:15,1
DA:17,1
DA:20,1
DA:22,1
DA:23,2
DA:24,2
DA:26,1
DA:27,1
DA:28,1
DA:29,1
DA:30,1
DA:31,1
DA:32,1
DA:33,1
DA:34,1
DA:35,1
DA:39,0
LF:17
LH:16
end_of_record
SF:lib/iden3comm/domain/use_cases/get_proof_query_use_case.dart
DA:18,1
DA:22,1
DA:24,2
DA:25,4
DA:26,4
DA:28,3
DA:29,1
DA:30,3
DA:31,0
DA:33,3
DA:34,3
DA:35,3
DA:37,2
DA:38,2
DA:39,2
DA:40,2
DA:42,2
DA:46,2
DA:50,2
LF:19
LH:18
end_of_record
SF:lib/iden3comm/domain/use_cases/get_vocabs_use_case.dart
DA:11,1
DA:13,1
DA:16,1
DA:17,2
DA:18,3
DA:21,1
DA:23,3
DA:24,2
DA:25,2
DA:28,1
DA:30,1
DA:31,1
DA:32,1
DA:33,4
DA:35,3
DA:37,1
DA:38,1
LF:17
LH:17
end_of_record
SF:lib/identity/libs/bjj/bjj.dart
DA:18,0
DA:19,0
DA:20,0
DA:24,0
DA:25,0
DA:29,0
DA:30,0
DA:36,0
DA:37,0
DA:41,0
DA:42,0
DA:46,0
DA:47,0
DA:51,0
DA:52,0
DA:58,0
DA:59,0
DA:65,0
DA:66,0
DA:72,0
DA:73,0
DA:79,0
DA:80,0
DA:86,0
DA:87,0
DA:93,0
DA:94,0
DA:99,0
DA:102,0
DA:105,0
DA:108,0
DA:113,0
DA:118,0
DA:121,0
DA:122,0
DA:123,0
DA:128,0
DA:133,0
DA:136,0
DA:137,0
DA:138,0
DA:139,0
DA:144,0
DA:149,0
DA:150,0
DA:151,0
DA:152,0
DA:157,0
DA:158,0
DA:163,0
DA:165,0
DA:167,0
DA:168,0
DA:169,0
DA:170,0
DA:175,0
DA:185,0
DA:188,0
DA:189,0
DA:190,0
DA:192,0
DA:193,0
DA:194,0
DA:195,0
DA:200,0
DA:209,0
DA:212,0
DA:213,0
DA:216,0
DA:217,0
DA:218,0
DA:219,0
DA:224,0
DA:234,0
DA:236,0
DA:237,0
DA:238,0
DA:241,0
DA:242,0
DA:243,0
DA:244,0
DA:249,0
DA:260,0
DA:270,0
DA:271,0
DA:272,0
DA:273,0
DA:276,0
DA:277,0
DA:278,0
DA:279,0
DA:284,0
DA:293,0
DA:295,0
DA:296,0
DA:297,0
DA:298,0
DA:303,0
DA:310,0
DA:312,0
DA:313,0
DA:314,0
DA:315,0
DA:316,0
DA:317,0
DA:322,0
DA:323,0
DA:324,0
DA:325,0
DA:330,0
LF:110
LH:0
end_of_record
SF:lib/identity/data/data_sources/lib_pidcore_identity_data_source.dart
DA:10,0
DA:14,0
DA:16,0
DA:25,0
DA:26,0
DA:28,0
DA:31,0
DA:32,0
DA:35,0
DA:39,0
DA:40,0
DA:43,0
DA:46,0
DA:47,0
DA:48,0
DA:49,0
DA:50,0
LF:17
LH:0
end_of_record
SF:lib/identity/libs/polygonidcore/pidcore_identity.dart
DA:12,0
DA:13,0
DA:18,0
DA:19,0
DA:20,0
DA:21,0
DA:24,0
DA:25,0
DA:26,0
DA:27,0
DA:33,0
DA:34,0
DA:39,0
DA:40,0
DA:41,0
DA:42,0
DA:45,0
DA:46,0
DA:47,0
DA:48,0
DA:57,0
DA:58,0
DA:64,0
DA:65,0
DA:66,0
DA:69,0
DA:70,0
DA:71,0
DA:72,0
LF:29
LH:0
end_of_record
SF:lib/identity/data/data_sources/local_contract_files_data_source.dart
DA:10,0
DA:12,0
DA:13,0
DA:14,0
DA:15,0
DA:16,0
DA:17,0
LF:7
LH:0
end_of_record
SF:lib/identity/data/dtos/rhs_node_dto.dart
DA:28,1
DA:33,0
DA:34,0
DA:36,0
DA:38,0
DA:39,0
LF:6
LH:1
end_of_record
SF:lib/identity/data/dtos/rhs_node_dto.g.dart
DA:9,0
DA:10,0
DA:11,0
DA:14,0
DA:15,0
DA:16,0
DA:17,0
LF:7
LH:0
end_of_record
SF:lib/identity/domain/entities/rhs_node_entity.dart
DA:13,1
DA:16,0
DA:18,0
DA:20,1
DA:23,0
DA:24,0
DA:25,0
DA:26,0
DA:27,0
DA:29,0
DA:30,0
LF:11
LH:2
end_of_record
SF:lib/identity/domain/exceptions/identity_exceptions.dart
DA:4,2
DA:12,1
DA:19,0
DA:25,0
DA:31,3
DA:37,0
DA:41,2
DA:45,2
DA:49,2
LF:9
LH:6
end_of_record
SF:lib/identity/data/dtos/hash_dto.dart
DA:10,0
DA:18,1
DA:20,0
DA:22,0
DA:23,0
DA:26,0
DA:27,0
DA:28,0
DA:29,0
DA:32,0
DA:33,0
DA:36,0
DA:37,0
DA:38,0
DA:39,0
DA:40,0
DA:44,0
DA:45,0
DA:46,0
DA:48,0
DA:49,0
DA:53,0
DA:54,0
DA:57,0
DA:58,0
DA:61,0
DA:62,0
DA:63,0
DA:64,0
DA:65,0
DA:70,0
DA:71,0
DA:72,0
DA:74,0
DA:78,0
DA:79,0
DA:82,0
DA:84,0
DA:85,0
DA:86,0
DA:95,0
DA:97,0
DA:100,0
DA:101,0
DA:103,0
DA:104,0
LF:46
LH:1
end_of_record
SF:lib/identity/data/dtos/node_dto.dart
DA:38,1
DA:41,0
DA:42,0
DA:44,0
DA:46,0
DA:47,0
LF:6
LH:1
end_of_record
SF:lib/identity/data/dtos/node_dto.g.dart
DA:9,0
DA:10,0
DA:11,0
DA:12,0
DA:13,0
DA:14,0
DA:17,0
DA:18,0
DA:19,0
DA:20,0
LF:10
LH:0
end_of_record
SF:lib/identity/data/mappers/node_type_dto_mapper.dart
DA:5,0
DA:7,0
DA:8,0
DA:14,0
LF:4
LH:0
end_of_record
SF:lib/identity/data/mappers/rhs_node_type_mapper.dart
DA:9,0
DA:11,0
DA:12,0
DA:13,0
DA:15,0
DA:20,0
LF:6
LH:0
end_of_record
SF:lib/identity/data/data_sources/rpc_data_source.dart
DA:12,0
DA:20,0
DA:22,0
DA:23,0
DA:24,0
DA:26,0
DA:29,0
DA:30,0
DA:31,0
DA:32,0
DA:35,0
DA:36,0
DA:42,0
DA:53,0
DA:58,0
DA:59,0
DA:62,0
DA:66,0
DA:68,0
DA:72,0
DA:73,0
DA:74,0
DA:76,0
DA:78,0
DA:79,0
DA:80,0
DA:82,0
DA:83,0
DA:84,0
DA:85,0
DA:86,0
DA:88,0
DA:93,0
DA:98,0
DA:99,0
LF:35
LH:0
end_of_record
SF:lib/identity/data/data_sources/smt_data_source.dart
DA:17,0
DA:20,0
DA:25,0
DA:26,0
DA:27,0
DA:29,0
DA:30,0
DA:31,0
DA:35,0
DA:42,0
DA:46,0
DA:50,0
DA:54,0
DA:55,0
DA:61,0
DA:65,0
DA:69,0
DA:74,0
DA:76,0
DA:78,0
DA:80,0
DA:81,0
DA:86,0
DA:88,0
DA:90,0
DA:91,0
DA:94,0
DA:96,0
DA:98,0
DA:99,0
DA:100,0
DA:101,0
DA:102,0
DA:103,0
DA:106,0
DA:107,0
DA:108,0
DA:110,0
DA:113,0
DA:115,0
DA:119,0
DA:121,0
DA:123,0
DA:124,0
DA:125,0
DA:126,0
DA:127,0
DA:133,0
DA:135,0
DA:136,0
DA:137,0
DA:138,0
DA:139,0
DA:144,0
DA:146,0
DA:150,0
DA:154,0
DA:155,0
DA:161,0
DA:162,0
DA:164,0
DA:165,0
DA:171,0
DA:174,0
DA:186,0
DA:195,0
DA:197,0
DA:198,0
DA:201,0
DA:203,0
DA:206,0
DA:208,0
DA:211,0
DA:213,0
DA:214,0
DA:215,0
DA:216,0
DA:218,0
DA:221,0
DA:222,0
DA:224,0
DA:225,0
DA:227,0
DA:229,0
DA:230,0
DA:231,0
DA:232,0
DA:234,0
DA:235,0
DA:238,0
DA:239,0
DA:240,0
DA:241,0
DA:246,0
DA:251,0
DA:253,0
DA:254,0
DA:255,0
DA:258,0
DA:259,0
DA:262,0
DA:263,0
DA:264,0
DA:265,0
DA:266,0
DA:267,0
DA:270,0
DA:273,0
DA:274,0
DA:275,0
DA:277,0
DA:278,0
DA:279,0
DA:280,0
DA:282,0
DA:283,0
DA:287,0
DA:290,0
DA:293,0
DA:295,0
DA:297,0
DA:298,0
DA:300,0
DA:301,0
DA:303,0
DA:304,0
DA:305,0
DA:308,0
DA:312,0
DA:314,0
DA:316,0
DA:317,0
DA:319,0
DA:321,0
DA:322,0
DA:323,0
DA:326,0
DA:329,0
DA:333,0
DA:334,0
LF:140
LH:0
end_of_record
SF:lib/identity/data/data_sources/storage_smt_data_source.dart
DA:17,0
DA:19,0
DA:21,0
DA:24,0
DA:27,0
DA:30,0
DA:32,0
DA:35,0
DA:36,0
DA:43,0
DA:45,0
DA:47,0
DA:53,0
DA:58,0
DA:59,0
DA:61,0
DA:65,0
DA:67,0
DA:69,0
DA:70,0
DA:74,0
DA:78,0
DA:81,0
DA:87,0
DA:89,0
DA:94,0
DA:98,0
DA:103,0
DA:104,0
DA:107,0
DA:111,0
DA:113,0
DA:114,0
DA:115,0
DA:119,0
DA:121,0
DA:122,0
DA:123,0
DA:125,0
DA:127,0
DA:131,0
DA:136,0
DA:138,0
DA:140,0
DA:144,0
DA:148,0
DA:151,0
DA:155,0
DA:157,0
DA:159,0
DA:160,0
DA:164,0
DA:166,0
DA:169,0
DA:174,0
DA:176,0
DA:180,0
DA:184,0
DA:188,0
DA:189,0
DA:192,0
DA:196,0
DA:198,0
DA:200,0
DA:204,0
DA:206,0
LF:66
LH:0
end_of_record
SF:lib/proof/data/dtos/node_aux_dto.dart
DA:19,0
DA:24,0
DA:25,0
DA:27,0
DA:29,0
DA:30,0
LF:6
LH:0
end_of_record
SF:lib/proof/data/dtos/node_aux_dto.g.dart
DA:9,0
DA:10,0
DA:11,0
DA:14,0
DA:15,0
DA:16,0
DA:17,0
LF:7
LH:0
end_of_record
SF:lib/proof/data/dtos/proof_dto.dart
DA:29,0
DA:32,0
DA:33,0
DA:35,0
DA:37,0
DA:38,0
LF:6
LH:0
end_of_record
SF:lib/proof/data/dtos/proof_dto.g.dart
DA:9,0
DA:10,0
DA:11,0
DA:12,0
DA:13,0
DA:14,0
DA:16,0
DA:19,0
DA:20,0
DA:21,0
DA:22,0
LF:11
LH:0
end_of_record
SF:lib/identity/domain/exceptions/smt_exceptions.dart
DA:4,0
LF:1
LH:0
end_of_record
SF:lib/identity/data/mappers/hex_mapper.dart
DA:7,1
DA:9,1
DA:12,1
DA:14,1
LF:4
LH:4
end_of_record
SF:lib/identity/data/data_sources/storage_identity_data_source.dart
DA:17,0
DA:19,0
DA:20,0
DA:23,0
DA:26,0
DA:29,0
DA:32,0
DA:35,0
DA:36,0
DA:44,1
DA:47,0
DA:48,0
DA:49,0
DA:50,0
DA:51,0
DA:52,0
DA:55,1
DA:56,5
DA:58,1
DA:61,1
DA:67,0
DA:69,0
DA:73,1
DA:77,3
DA:80,0
DA:83,0
DA:84,0
DA:88,1
DA:90,2
DA:94,0
DA:96,0
DA:101,0
DA:106,0
DA:111,0
DA:113,0
DA:115,0
DA:123,0
DA:127,0
LF:38
LH:9
end_of_record
SF:lib/identity/data/data_sources/storage_key_value_data_source.dart
DA:12,0
DA:14,0
DA:15,0
DA:18,0
DA:20,0
DA:23,0
DA:24,0
DA:34,1
DA:36,1
DA:37,3
DA:40,1
DA:42,3
DA:45,1
DA:46,3
LF:14
LH:7
end_of_record
SF:lib/identity/data/data_sources/wallet_data_source.dart
DA:11,0
DA:14,0
DA:17,0
DA:21,0
DA:23,0
DA:25,0
DA:33,0
DA:36,0
DA:37,0
DA:38,0
DA:40,0
DA:42,0
DA:44,0
DA:45,0
DA:55,1
DA:57,1
DA:59,2
DA:63,0
DA:64,0
DA:67,1
DA:69,2
LF:21
LH:5
end_of_record
SF:lib/identity/libs/bjj/eddsa_babyjub.dart
DA:17,0
DA:22,0
DA:23,0
DA:24,0
DA:26,0
DA:28,0
DA:31,0
DA:33,0
DA:34,0
DA:35,0
DA:36,0
DA:37,0
DA:40,0
DA:41,0
DA:42,0
DA:52,0
DA:59,0
DA:61,0
DA:62,0
DA:63,0
DA:65,0
DA:67,0
DA:69,0
DA:71,0
DA:72,0
DA:73,0
DA:74,0
DA:75,0
DA:76,0
DA:81,0
DA:82,0
DA:83,0
DA:84,0
DA:87,0
DA:88,0
DA:89,0
DA:90,0
DA:91,0
DA:92,0
DA:93,0
DA:94,0
DA:95,0
DA:96,0
DA:97,0
DA:98,0
DA:109,0
DA:110,0
DA:111,0
DA:113,0
DA:118,0
DA:119,0
DA:120,0
DA:121,0
DA:122,0
DA:123,0
DA:124,0
DA:125,0
DA:126,0
DA:127,0
DA:128,0
DA:129,0
DA:130,0
DA:131,0
DA:134,0
DA:135,0
DA:137,0
DA:142,0
DA:143,0
DA:144,0
DA:145,0
DA:148,0
DA:150,0
DA:151,0
LF:73
LH:0
end_of_record
SF:lib/identity/libs/bjj/privadoid_wallet.dart
DA:26,0
DA:27,0
DA:28,0
DA:31,0
DA:32,0
DA:33,0
DA:34,0
DA:35,0
DA:36,0
DA:39,0
DA:40,0
DA:41,0
DA:42,0
DA:43,0
DA:53,0
DA:57,0
DA:59,0
DA:62,0
DA:63,0
DA:64,0
DA:71,0
DA:73,0
LF:22
LH:0
end_of_record
SF:lib/identity/data/mappers/identity_dto_mapper.dart
DA:8,1
DA:10,1
DA:11,1
DA:12,1
DA:13,1
DA:17,1
DA:19,1
DA:20,1
DA:21,1
DA:22,1
DA:26,1
DA:30,1
DA:31,1
DA:32,1
DA:33,1
LF:15
LH:15
end_of_record
SF:lib/identity/data/mappers/node_mapper.dart
DA:16,0
DA:19,0
DA:21,0
DA:22,0
DA:23,0
DA:24,0
DA:25,0
DA:28,0
DA:30,0
DA:31,0
DA:33,0
DA:34,0
DA:35,0
LF:13
LH:0
end_of_record
SF:lib/identity/data/mappers/node_type_entity_mapper.dart
DA:5,0
DA:7,0
DA:8,0
DA:14,0
LF:4
LH:0
end_of_record
SF:lib/identity/data/mappers/node_type_mapper.dart
DA:6,0
DA:9,0
DA:11,0
DA:13,0
DA:21,0
DA:24,0
DA:26,0
DA:28,0
LF:8
LH:0
end_of_record
SF:lib/identity/data/mappers/poseidon_hash_mapper.dart
DA:8,0
DA:10,0
DA:12,0
LF:3
LH:0
end_of_record
SF:lib/identity/data/mappers/private_key_mapper.dart
DA:8,1
DA:13,1
DA:15,2
DA:16,1
DA:19,1
DA:20,2
DA:21,2
LF:7
LH:7
end_of_record
SF:lib/identity/data/mappers/rhs_node_mapper.dart
DA:11,0
DA:13,0
DA:15,0
DA:16,0
DA:17,0
DA:18,0
DA:21,0
DA:23,0
DA:24,0
DA:26,0
LF:10
LH:0
end_of_record
SF:lib/identity/data/mappers/state_identifier_mapper.dart
DA:6,1
DA:8,2
LF:2
LH:2
end_of_record
SF:lib/identity/data/mappers/tree_state_mapper.dart
DA:5,0
DA:7,0
DA:8,0
DA:9,0
DA:10,0
DA:11,0
LF:6
LH:0
end_of_record
SF:lib/identity/data/mappers/tree_type_mapper.dart
DA:6,0
DA:9,0
DA:11,0
DA:13,0
LF:4
LH:0
end_of_record
SF:lib/identity/data/repositories/identity_repository_impl.dart
DA:45,1
DA:64,0
DA:67,0
DA:68,0
DA:69,0
DA:71,0
DA:74,0
DA:76,0
DA:77,0
DA:78,0
DA:81,0
DA:83,0
DA:84,0
DA:85,0
DA:86,0
DA:87,0
DA:89,0
DA:90,0
DA:91,0
DA:92,0
DA:93,0
DA:95,0
DA:96,0
DA:97,0
DA:98,0
DA:99,0
DA:100,0
DA:101,0
DA:103,0
DA:105,0
DA:108,0
DA:110,0
DA:111,0
DA:112,0
DA:113,0
DA:119,1
DA:121,1
DA:122,1
DA:123,4
DA:124,3
DA:125,2
DA:128,0
DA:130,0
DA:131,0
DA:132,0
DA:133,0
DA:134,0
DA:137,1
DA:139,2
DA:145,1
DA:148,1
DA:149,3
DA:150,3
DA:153,1
DA:156,1
DA:157,1
DA:158,3
DA:159,3
DA:160,3
DA:163,1
DA:165,1
DA:166,1
DA:167,4
DA:168,3
DA:171,1
DA:176,1
DA:177,1
DA:178,3
DA:181,1
DA:190,1
DA:191,1
DA:193,1
DA:194,1
DA:196,1
DA:197,1
DA:199,1
DA:202,1
DA:206,0
DA:208,0
DA:209,0
DA:212,1
DA:217,1
DA:218,1
DA:220,2
DA:222,2
DA:228,1
DA:234,2
DA:236,2
DA:242,2
DA:244,2
LF:90
LH:47
end_of_record
SF:lib/identity/data/repositories/smt_repository_impl.dart
DA:32,1
DA:67,0
DA:72,0
DA:73,0
DA:74,0
DA:79,0
DA:85,0
DA:86,0
DA:87,0
DA:88,0
DA:91,0
DA:94,0
DA:99,0
DA:100,0
DA:101,0
DA:104,0
DA:107,0
DA:114,0
DA:115,0
DA:116,0
DA:117,0
DA:122,0
DA:128,0
DA:129,0
DA:130,0
DA:135,0
DA:141,0
DA:142,0
DA:143,0
DA:144,0
DA:147,0
DA:150,0
DA:152,0
DA:153,0
DA:154,0
DA:155,0
DA:158,0
DA:162,0
DA:163,0
DA:164,0
DA:165,0
DA:168,0
DA:175,0
DA:177,0
DA:182,0
DA:188,0
DA:190,0
DA:191,0
DA:192,0
DA:196,1
DA:202,2
DA:205,1
DA:207,3
LF:53
LH:5
end_of_record
SF:lib/proof/data/mappers/proof_mapper.dart
DA:11,0
DA:13,0
DA:15,0
DA:16,0
DA:17,0
DA:18,0
DA:19,0
DA:23,0
DA:25,0
DA:26,0
DA:28,0
DA:30,0
LF:12
LH:0
end_of_record
SF:lib/identity/domain/use_cases/check_identity_validity_use_case.dart
DA:13,0
DA:26,0
DA:32,0
DA:34,0
DA:35,0
DA:36,0
DA:37,0
DA:39,0
DA:40,0
DA:41,0
DA:42,0
DA:43,0
DA:44,0
LF:13
LH:0
end_of_record
SF:lib/identity/domain/use_cases/fetch_identity_state_use_case.dart
DA:13,0
DA:19,0
DA:21,0
DA:22,0
DA:23,0
DA:24,0
DA:25,0
DA:26,0
DA:27,0
DA:29,0
DA:30,0
DA:31,0
DA:34,0
DA:35,0
LF:14
LH:0
end_of_record
SF:lib/identity/domain/use_cases/fetch_state_roots_use_case.dart
DA:10,0
DA:20,0
DA:22,0
DA:24,0
DA:25,0
LF:5
LH:0
end_of_record
SF:lib/identity/domain/use_cases/get_genesis_state_use_case.dart
DA:14,0
DA:20,0
DA:22,0
DA:24,0
DA:25,0
DA:26,0
DA:27,0
DA:28,0
DA:29,0
DA:30,0
DA:31,0
DA:32,0
DA:33,0
DA:36,0
DA:37,0
LF:15
LH:0
end_of_record
SF:lib/identity/domain/use_cases/get_identity_auth_claim_use_case.dart
DA:12,1
DA:17,1
DA:19,1
DA:20,1
DA:21,4
DA:22,2
DA:23,3
DA:26,2
DA:27,3
LF:9
LH:9
end_of_record
SF:lib/identity/domain/use_cases/get_public_keys_use_case.dart
DA:8,0
DA:10,0
DA:12,0
DA:13,0
DA:14,0
DA:15,0
DA:18,0
DA:19,0
LF:8
LH:0
end_of_record
SF:lib/identity/domain/use_cases/identity/add_identity_use_case.dart
DA:20,2
DA:33,1
DA:39,1
DA:43,2
DA:44,1
DA:45,1
DA:46,1
DA:47,1
DA:48,1
DA:51,3
DA:54,2
DA:55,1
DA:57,2
DA:60,1
DA:61,3
DA:62,2
DA:63,1
DA:64,1
DA:68,3
DA:73,2
DA:74,2
LF:21
LH:21
end_of_record
SF:lib/identity/domain/use_cases/smt/create_identity_state_use_case.dart
DA:13,2
DA:25,0
DA:31,0
DA:33,0
DA:34,0
DA:37,0
DA:38,0
DA:40,0
DA:43,0
DA:44,0
DA:46,0
DA:49,0
DA:50,0
DA:53,0
DA:54,0
DA:55,0
DA:56,0
DA:57,0
DA:60,0
DA:61,0
DA:62,0
DA:63,0
DA:64,0
DA:65,0
LF:24
LH:1
end_of_record
SF:lib/identity/domain/use_cases/identity/create_identity_use_case.dart
DA:15,2
DA:28,1
DA:34,1
DA:37,2
DA:38,3
DA:39,2
DA:40,1
DA:41,1
DA:42,1
DA:43,1
DA:45,2
DA:46,1
DA:47,1
DA:48,1
DA:50,2
DA:51,2
DA:52,1
DA:53,1
DA:54,1
DA:55,1
DA:57,1
DA:60,1
DA:64,1
DA:65,2
DA:66,2
DA:67,2
DA:70,2
DA:71,3
LF:28
LH:28
end_of_record
SF:lib/identity/domain/use_cases/identity/add_new_identity_use_case.dart
DA:14,1
DA:27,1
DA:33,1
DA:36,1
DA:37,3
DA:39,4
DA:40,1
DA:42,1
DA:43,1
DA:44,2
DA:45,2
DA:46,2
DA:49,2
DA:50,3
LF:14
LH:14
end_of_record
SF:lib/identity/domain/use_cases/identity/backup_identity_use_case.dart
DA:20,0
DA:33,0
DA:39,0
DA:42,0
DA:43,0
DA:44,0
DA:45,0
DA:46,0
DA:47,0
DA:50,0
DA:51,0
DA:55,0
DA:56,0
DA:57,0
DA:58,0
DA:59,0
DA:63,0
DA:64,0
DA:67,0
LF:19
LH:0
end_of_record
SF:lib/identity/domain/use_cases/profile/export_profile_use_case.dart
DA:9,1
DA:19,1
DA:21,1
DA:23,2
DA:24,1
DA:25,1
LF:6
LH:6
end_of_record
SF:lib/identity/domain/use_cases/identity/get_identities_use_case.dart
DA:10,1
DA:12,1
DA:14,4
DA:15,3
DA:18,2
DA:19,3
LF:6
LH:6
end_of_record
SF:lib/identity/domain/use_cases/identity/remove_identity_use_case.dart
DA:14,0
DA:27,0
DA:34,0
DA:38,0
DA:42,0
DA:43,0
DA:44,0
DA:46,0
DA:47,0
DA:51,0
DA:52,0
DA:53,0
DA:55,0
DA:56,0
DA:57,0
DA:61,0
DA:63,0
LF:17
LH:0
end_of_record
SF:lib/identity/domain/use_cases/profile/remove_profile_use_case.dart
DA:23,1
DA:38,1
DA:46,1
DA:48,2
DA:49,1
DA:50,2
DA:51,1
DA:52,3
DA:53,2
DA:54,0
DA:56,3
DA:58,2
DA:59,1
DA:60,1
DA:61,1
DA:62,1
DA:63,2
DA:65,2
DA:68,2
DA:69,1
DA:70,1
DA:72,2
DA:73,1
DA:74,1
DA:76,2
DA:78,0
DA:81,2
DA:82,1
DA:83,1
DA:84,1
DA:85,1
DA:89,0
LF:32
LH:29
end_of_record
SF:lib/identity/domain/use_cases/smt/remove_identity_state_use_case.dart
DA:11,1
DA:21,0
DA:23,0
DA:25,0
DA:26,0
DA:27,0
DA:28,0
DA:30,0
DA:31,0
DA:32,0
DA:33,0
DA:35,0
DA:36,0
DA:37,0
DA:38,0
LF:15
LH:1
end_of_record
SF:lib/identity/domain/use_cases/profile/get_profiles_use_case.dart
DA:7,1
DA:9,1
DA:11,2
DA:12,2
DA:13,3
LF:5
LH:5
end_of_record
SF:lib/identity/domain/use_cases/identity/restore_identity_use_case.dart
DA:18,0
DA:33,0
DA:40,0
DA:45,0
DA:46,0
DA:47,0
DA:48,0
DA:49,0
DA:50,0
DA:51,0
DA:53,0
DA:54,0
DA:55,0
DA:56,0
DA:57,0
DA:58,0
DA:59,0
DA:61,0
DA:67,0
DA:69,0
DA:70,0
DA:71,0
DA:72,0
DA:73,0
DA:74,0
DA:75,0
DA:76,0
DA:77,0
DA:78,0
DA:80,0
DA:85,0
DA:86,0
DA:89,0
LF:33
LH:0
end_of_record
SF:lib/identity/domain/use_cases/profile/import_profile_use_case.dart
DA:10,1
DA:21,1
DA:23,1
DA:25,2
DA:26,1
DA:27,1
DA:28,1
LF:7
LH:7
end_of_record
SF:lib/identity/domain/use_cases/identity/update_identity_use_case.dart
DA:24,2
DA:37,0
DA:43,0
DA:47,0
DA:48,0
DA:49,0
DA:50,0
DA:51,0
DA:52,0
DA:56,0
DA:57,0
DA:58,0
DA:60,0
DA:61,0
DA:63,0
DA:66,0
DA:71,0
DA:72,0
LF:18
LH:1
end_of_record
SF:lib/identity/domain/use_cases/profile/add_profile_use_case.dart
DA:22,1
DA:36,1
DA:43,1
DA:45,2
DA:46,1
DA:47,2
DA:48,1
DA:49,3
DA:50,2
DA:51,0
DA:52,0
DA:55,3
DA:56,2
DA:57,1
DA:58,1
DA:59,1
DA:60,1
DA:61,2
DA:63,2
DA:66,2
DA:67,1
DA:68,1
DA:69,2
DA:71,0
DA:75,2
DA:76,1
DA:77,1
DA:78,1
DA:79,1
DA:83,0
LF:30
LH:26
end_of_record
SF:lib/identity/domain/use_cases/profile/create_profiles_use_case.dart
DA:15,2
DA:28,0
DA:34,0
DA:36,0
DA:37,0
DA:38,0
DA:39,0
DA:40,0
DA:41,0
DA:42,0
DA:44,0
DA:45,0
DA:46,0
DA:47,0
DA:49,0
DA:50,0
DA:51,0
DA:52,0
DA:53,0
DA:54,0
DA:56,0
DA:60,0
DA:61,0
DA:62,0
DA:65,0
DA:66,0
LF:26
LH:1
end_of_record
SF:lib/proof/data/data_sources/circuits_download_data_source.dart
DA:13,0
DA:15,0
DA:16,0
DA:17,0
DA:18,0
DA:22,0
DA:23,0
DA:24,0
DA:26,0
DA:30,0
DA:31,0
DA:32,0
DA:34,0
DA:38,0
DA:39,0
DA:40,0
DA:45,0
DA:49,0
DA:51,0
DA:56,0
DA:58,0
DA:59,0
DA:66,0
DA:67,0
DA:68,0
DA:72,0
DA:76,0
DA:77,0
DA:84,0
DA:85,0
DA:86,0
DA:90,0
DA:94,0
DA:95,0
DA:96,0
DA:97,0
DA:99,0
DA:100,0
DA:101,0
DA:102,0
DA:103,0
DA:104,0
LF:42
LH:0
end_of_record
SF:lib/proof/data/data_sources/lib_pidcore_proof_data_source.dart
DA:18,0
DA:20,0
DA:22,0
DA:23,0
DA:24,0
DA:27,0
DA:31,0
DA:32,0
DA:34,0
DA:36,0
DA:38,0
DA:40,0
DA:41,0
DA:42,0
DA:44,0
DA:45,0
DA:46,0
DA:50,0
DA:52,0
DA:56,0
DA:57,0
DA:64,0
DA:68,0
DA:115,0
DA:116,0
DA:121,0
DA:137,0
DA:139,0
DA:141,0
DA:143,0
DA:147,0
LF:31
LH:0
end_of_record
SF:lib/proof/data/dtos/gist_proof_dto.dart
DA:30,0
DA:32,0
DA:33,0
DA:35,0
DA:37,0
DA:38,0
LF:6
LH:0
end_of_record
SF:lib/proof/data/dtos/gist_proof_dto.g.dart
DA:9,0
DA:10,0
DA:11,0
DA:14,0
DA:15,0
DA:16,0
DA:17,0
LF:7
LH:0
end_of_record
SF:lib/proof/domain/exceptions/proof_generation_exceptions.dart
DA:4,0
DA:10,0
DA:16,0
DA:20,0
DA:26,0
DA:30,0
LF:6
LH:0
end_of_record
SF:lib/proof/libs/polygonidcore/pidcore_proof.dart
DA:12,0
DA:13,0
DA:18,0
DA:19,0
DA:20,0
DA:21,0
DA:24,0
DA:25,0
DA:26,0
DA:27,0
DA:33,0
DA:34,0
DA:39,0
DA:40,0
DA:41,0
DA:42,0
DA:45,0
DA:46,0
DA:47,0
DA:48,0
DA:54,0
DA:55,0
DA:60,0
DA:61,0
DA:62,0
DA:63,0
DA:66,0
DA:67,0
DA:68,0
DA:69,0
DA:75,0
DA:76,0
DA:81,0
DA:82,0
DA:83,0
DA:84,0
DA:87,0
DA:88,0
DA:89,0
DA:90,0
DA:96,0
DA:97,0
DA:102,0
DA:103,0
DA:104,0
DA:105,0
DA:108,0
DA:109,0
DA:110,0
DA:111,0
LF:50
LH:0
end_of_record
SF:lib/proof/data/dtos/atomic_query_inputs_param.dart
DA:22,0
DA:38,0
DA:39,0
DA:40,0
DA:41,0
DA:42,0
DA:43,0
DA:44,0
DA:45,0
DA:46,0
DA:47,0
DA:48,0
DA:49,0
DA:50,0
DA:51,0
DA:52,0
LF:16
LH:0
end_of_record
SF:lib/proof/data/data_sources/local_proof_files_data_source.dart
DA:7,0
DA:8,0
DA:9,0
DA:11,0
DA:12,0
DA:13,0
DA:15,0
DA:16,0
DA:17,0
DA:19,0
DA:20,0
DA:21,0
LF:12
LH:0
end_of_record
SF:lib/proof/data/data_sources/proof_circuit_data_source.dart
DA:11,0
DA:12,0
LF:2
LH:0
end_of_record
SF:lib/proof/data/mappers/gist_proof_mapper.dart
DA:9,0
DA:11,0
DA:13,0
DA:14,0
DA:15,0
DA:19,0
DA:21,0
DA:22,0
DA:23,0
LF:9
LH:0
end_of_record
SF:lib/proof/data/mappers/jwz_proof_mapper.dart
DA:6,0
DA:8,0
LF:2
LH:0
end_of_record
SF:lib/proof/data/repositories/proof_repository_impl.dart
DA:69,0
DA:89,0
DA:92,0
DA:94,0
DA:98,0
DA:112,0
DA:115,0
DA:119,0
DA:124,0
DA:127,0
DA:128,0
DA:139,0
DA:142,0
DA:144,0
DA:146,0
DA:147,0
DA:149,0
DA:152,0
DA:154,0
DA:159,0
DA:162,0
DA:168,0
DA:170,0
DA:171,0
DA:172,0
DA:174,0
DA:176,0
DA:183,0
DA:185,0
DA:186,0
DA:187,0
DA:189,0
DA:192,0
DA:196,0
DA:198,0
DA:199,0
DA:202,0
DA:204,0
DA:207,0
DA:210,0
DA:216,0
DA:219,0
DA:223,0
DA:224,0
DA:227,0
DA:229,0
DA:230,0
DA:231,0
DA:233,0
DA:234,0
DA:235,0
DA:236,0
DA:237,0
DA:238,0
DA:239,0
DA:240,0
DA:244,0
DA:246,0
DA:247,0
DA:248,0
DA:249,0
DA:250,0
DA:258,0
DA:260,0
DA:263,0
DA:266,0
DA:268,0
DA:269,0
DA:271,0
DA:273,0
DA:276,0
DA:278,0
DA:279,0
DA:281,0
DA:287,0
DA:289,0
DA:294,0
DA:296,0
DA:298,0
DA:299,0
DA:301,0
DA:304,0
DA:306,0
DA:310,0
DA:312,0
DA:317,0
DA:323,0
DA:324,0
DA:325,0
DA:332,0
DA:334,0
LF:91
LH:0
end_of_record
SF:lib/proof/domain/use_cases/circuits_files_exist_use_case.dart
DA:7,0
DA:9,0
DA:11,0
LF:3
LH:0
end_of_record
SF:lib/proof/domain/use_cases/download_circuits_use_case.dart
DA:11,0
DA:16,0
DA:18,0
DA:21,0
DA:22,0
DA:29,0
DA:30,0
LF:7
LH:0
end_of_record
SF:lib/sdk/credential.dart
DA:113,0
DA:129,0
DA:134,0
DA:136,0
DA:148,0
DA:153,0
DA:154,0
DA:170,0
DA:175,0
DA:176,0
DA:177,0
DA:178,0
DA:195,0
DA:200,0
DA:201,0
DA:217,0
DA:222,0
DA:223,0
DA:224,0
DA:242,0
DA:253,0
DA:254,0
LF:22
LH:0
end_of_record
SF:lib/sdk/di/injector.config.dart
DA:238,0
DA:243,0
DA:248,0
DA:249,0
DA:250,0
DA:251,0
DA:252,0
DA:253,0
DA:254,0
DA:255,0
DA:256,0
DA:257,0
DA:258,0
DA:259,0
DA:260,0
DA:261,0
DA:262,0
DA:263,0
DA:264,0
DA:265,0
DA:266,0
DA:267,0
DA:271,0
DA:277,0
DA:278,0
DA:279,0
DA:280,0
DA:281,0
DA:285,0
DA:288,0
DA:289,0
DA:290,0
DA:291,0
DA:292,0
DA:293,0
DA:294,0
DA:295,0
DA:296,0
DA:297,0
DA:298,0
DA:299,0
DA:300,0
DA:301,0
DA:302,0
DA:303,0
DA:304,0
DA:305,0
DA:306,0
DA:307,0
DA:308,0
DA:309,0
DA:310,0
DA:311,0
DA:312,0
DA:313,0
DA:314,0
DA:315,0
DA:316,0
DA:319,0
DA:320,0
DA:321,0
DA:322,0
DA:323,0
DA:324,0
DA:325,0
DA:326,0
DA:327,0
DA:328,0
DA:329,0
DA:330,0
DA:331,0
DA:332,0
DA:333,0
DA:334,0
DA:335,0
DA:336,0
DA:337,0
DA:338,0
DA:339,0
DA:340,0
DA:341,0
DA:343,0
DA:344,0
DA:345,0
DA:346,0
DA:347,0
DA:348,0
DA:349,0
DA:350,0
DA:351,0
DA:352,0
DA:353,0
DA:354,0
DA:355,0
DA:356,0
DA:357,0
DA:361,0
DA:362,0
DA:363,0
DA:364,0
DA:367,0
DA:368,0
DA:371,0
DA:372,0
DA:375,0
DA:376,0
DA:377,0
DA:378,0
DA:379,0
DA:380,0
DA:381,0
DA:382,0
DA:383,0
DA:384,0
DA:385,0
DA:386,0
DA:387,0
DA:390,0
DA:391,0
DA:392,0
DA:394,0
DA:395,0
DA:396,0
DA:398,0
DA:399,0
DA:401,0
DA:402,0
DA:403,0
DA:404,0
DA:405,0
DA:406,0
DA:407,0
DA:408,0
DA:409,0
DA:410,0
DA:412,0
DA:413,0
DA:414,0
DA:416,0
DA:417,0
DA:419,0
DA:420,0
DA:421,0
DA:422,0
DA:423,0
DA:424,0
DA:425,0
DA:426,0
DA:427,0
DA:428,0
DA:429,0
DA:430,0
DA:431,0
DA:432,0
DA:433,0
DA:434,0
DA:435,0
DA:436,0
DA:437,0
DA:438,0
DA:440,0
DA:441,0
DA:442,0
DA:443,0
DA:444,0
DA:445,0
DA:446,0
DA:447,0
DA:448,0
DA:449,0
DA:450,0
DA:451,0
DA:452,0
DA:453,0
DA:454,0
DA:456,0
DA:457,0
DA:458,0
DA:459,0
DA:461,0
DA:462,0
DA:463,0
DA:464,0
DA:465,0
DA:466,0
DA:467,0
DA:468,0
DA:469,0
DA:470,0
DA:471,0
DA:472,0
DA:473,0
DA:474,0
DA:475,0
DA:477,0
DA:478,0
DA:479,0
DA:480,0
DA:481,0
DA:482,0
DA:483,0
DA:484,0
DA:485,0
DA:486,0
DA:487,0
DA:488,0
DA:489,0
DA:490,0
DA:491,0
DA:493,0
DA:494,0
DA:495,0
DA:496,0
DA:497,0
DA:498,0
DA:499,0
DA:500,0
DA:501,0
DA:502,0
DA:503,0
DA:504,0
DA:505,0
DA:506,0
DA:507,0
DA:508,0
DA:509,0
DA:510,0
DA:512,0
DA:513,0
DA:514,0
DA:515,0
DA:516,0
DA:517,0
DA:518,0
DA:519,0
DA:520,0
DA:521,0
DA:522,0
DA:523,0
DA:524,0
DA:525,0
DA:526,0
DA:527,0
DA:528,0
DA:529,0
DA:530,0
DA:531,0
DA:532,0
DA:534,0
DA:535,0
DA:536,0
DA:537,0
DA:539,0
DA:540,0
DA:541,0
DA:542,0
DA:543,0
DA:544,0
DA:545,0
DA:546,0
DA:547,0
DA:549,0
DA:550,0
DA:551,0
DA:552,0
DA:553,0
DA:554,0
DA:555,0
DA:556,0
DA:557,0
DA:558,0
DA:559,0
DA:560,0
DA:561,0
DA:562,0
DA:563,0
DA:564,0
DA:565,0
DA:566,0
DA:567,0
DA:568,0
DA:569,0
DA:570,0
DA:571,0
DA:572,0
DA:573,0
DA:574,0
DA:575,0
DA:576,0
DA:577,0
DA:578,0
DA:579,0
DA:580,0
DA:581,0
DA:582,0
DA:583,0
DA:584,0
DA:585,0
DA:586,0
DA:588,0
DA:589,0
DA:590,0
DA:591,0
DA:592,0
DA:593,0
DA:594,0
DA:595,0
DA:596,0
DA:597,0
DA:598,0
DA:599,0
DA:600,0
DA:601,0
DA:602,0
DA:603,0
DA:605,0
DA:606,0
DA:607,0
DA:608,0
DA:609,0
DA:610,0
DA:611,0
DA:613,0
DA:614,0
DA:615,0
DA:616,0
DA:617,0
DA:618,0
DA:619,0
DA:620,0
DA:621,0
DA:622,0
DA:623,0
DA:624,0
DA:625,0
DA:626,0
DA:627,0
DA:628,0
DA:629,0
DA:630,0
DA:632,0
DA:633,0
DA:634,0
DA:635,0
DA:636,0
DA:638,0
DA:639,0
DA:640,0
DA:641,0
DA:642,0
DA:643,0
DA:645,0
DA:646,0
DA:647,0
DA:648,0
DA:649,0
DA:651,0
DA:652,0
DA:653,0
DA:654,0
DA:656,0
DA:657,0
DA:658,0
DA:659,0
DA:660,0
DA:662,0
DA:663,0
DA:664,0
DA:665,0
DA:666,0
DA:667,0
DA:668,0
DA:669,0
DA:671,0
DA:672,0
DA:673,0
DA:674,0
DA:676,0
DA:677,0
DA:678,0
DA:679,0
DA:680,0
DA:682,0
DA:683,0
DA:684,0
DA:685,0
DA:686,0
DA:687,0
DA:688,0
DA:690,0
DA:691,0
DA:692,0
DA:693,0
DA:694,0
DA:696,0
DA:697,0
DA:698,0
DA:699,0
DA:700,0
DA:702,0
DA:703,0
DA:704,0
DA:705,0
DA:706,0
DA:708,0
DA:709,0
DA:710,0
DA:711,0
DA:712,0
DA:713,0
DA:714,0
DA:715,0
DA:716,0
DA:717,0
DA:718,0
DA:719,0
DA:721,0
DA:722,0
DA:723,0
DA:724,0
DA:725,0
DA:726,0
DA:727,0
DA:728,0
DA:729,0
DA:730,0
DA:732,0
DA:733,0
DA:734,0
DA:735,0
DA:736,0
DA:737,0
DA:738,0
DA:740,0
DA:741,0
DA:742,0
DA:743,0
DA:744,0
DA:745,0
DA:746,0
DA:747,0
DA:749,0
DA:750,0
DA:751,0
DA:752,0
DA:754,0
DA:755,0
DA:756,0
DA:757,0
DA:759,0
DA:760,0
DA:761,0
DA:762,0
DA:763,0
DA:765,0
DA:766,0
DA:767,0
DA:768,0
DA:769,0
DA:771,0
DA:772,0
DA:773,0
DA:774,0
DA:775,0
DA:777,0
DA:778,0
DA:779,0
DA:780,0
DA:781,0
DA:782,0
DA:784,0
DA:785,0
DA:786,0
DA:787,0
DA:788,0
DA:789,0
DA:790,0
DA:791,0
DA:793,0
DA:794,0
DA:795,0
DA:796,0
DA:797,0
DA:799,0
DA:800,0
DA:801,0
DA:802,0
DA:803,0
DA:804,0
DA:805,0
DA:807,0
DA:808,0
DA:809,0
DA:810,0
DA:811,0
DA:812,0
DA:813,0
DA:815,0
DA:816,0
DA:817,0
DA:818,0
DA:819,0
DA:820,0
DA:821,0
DA:822,0
DA:824,0
DA:825,0
DA:826,0
DA:827,0
DA:828,0
DA:829,0
DA:831,0
DA:832,0
DA:833,0
DA:834,0
DA:835,0
DA:836,0
DA:837,0
DA:839,0
DA:840,0
DA:841,0
DA:842,0
DA:843,0
DA:844,0
DA:845,0
DA:846,0
DA:847,0
DA:848,0
DA:849,0
DA:850,0
DA:851,0
DA:852,0
LF:532
LH:0
end_of_record
SF:lib/sdk/iden3comm.dart
DA:120,0
DA:136,0
DA:138,0
DA:145,0
DA:147,0
DA:162,0
DA:168,0
DA:169,0
DA:170,0
DA:172,0
DA:173,0
DA:192,0
DA:198,0
DA:199,0
DA:218,0
DA:225,0
DA:226,0
DA:250,0
DA:257,0
DA:258,0
DA:259,0
DA:262,0
DA:263,0
LF:23
LH:0
end_of_record
SF:lib/sdk/identity.dart
DA:255,0
DA:287,0
DA:290,0
DA:291,0
DA:307,0
DA:309,0
DA:310,0
DA:331,0
DA:337,0
DA:338,0
DA:362,0
DA:367,0
DA:368,0
DA:383,0
DA:386,0
DA:388,0
DA:397,0
DA:399,0
DA:411,0
DA:414,0
DA:415,0
DA:427,0
DA:430,0
DA:431,0
DA:450,0
DA:456,0
DA:457,0
DA:467,0
DA:469,0
DA:486,0
DA:492,0
DA:493,0
DA:494,0
DA:498,0
DA:499,0
DA:519,0
DA:525,0
DA:526,0
DA:527,0
DA:531,0
DA:532,0
DA:551,0
DA:556,0
DA:557,0
DA:558,0
DA:562,0
LF:46
LH:0
end_of_record
SF:lib/sdk/mappers/iden3_message_type_mapper.dart
DA:5,0
DA:8,0
DA:10,0
DA:12,0
DA:14,0
LF:5
LH:0
end_of_record
SF:lib/sdk/proof.dart
DA:41,0
DA:47,0
DA:56,0
DA:57,0
DA:62,0
DA:64,0
DA:68,0
DA:70,0
LF:8
LH:0
end_of_record
